c08f1c79ee5745fe8f1c79ee57f5fe92 13 18699
f9ec55e684e14a80ac55e684e18a8067 8 12360
bd3232ac0d874f7cb232ac0d872f7c7a 9 13917
aa51215abf6542bc91215abf6552bcd0 14 21408
3aa5949cc4a64599a5949cc4a6859909 14 21981
ef29a15d356d4274a9a15d356dc27494 11 16708
9b00c0c91ec94c4d80c0c91ec9fc4deb 4 6843
495a73ccff0346de9a73ccff0366de30 15 23886
ac28124780124c8fa8124780122c8fc6 11 17276
191c2daf595544bc9c2daf5955b4bc58 15 23758
e431cf221dda4221b1cf221dda022179 13 19604
d98bec73bce143f38bec73bce163f35e 7 10858
6e8869780a52435d8869780a52c35d2b 10 15598
3c591e1ec27443db991e1ec27433dbd7 7 10819
545ea231ca7e41f19ea231ca7e01f135 7 10864
0aea7da96e73447caa7da96e73847c21 1 3041
f641928d166545b781928d166565b7d1 8 12700
6f0291e14e91494e8291e14e91994e82 11 16648
5fcc6810a842448e8c6810a842d48ec4 12 18810
3e56ee78070e42e896ee78070e32e8e3 8 12399
72dd3c449e9c48a69d3c449e9c68a689 12 18788
ddf3b556847843acb3b5568478e3aca9 11 16373
88ac414e35624437ac414e356214373c 7 9906
9e9d403b9931436b9d403b9931636bc4 10 13663
ad71646e573b494ab1646e573b694a0a 9 13947
407825553d4e45efb825553d4ec5effb 15 23152
94ea934a225b4ffdaa934a225b0ffd34 9 13997
c8a0507300504ea3a0507300503ea311 13 20253
81b3a6f5e4c94392b3a6f5e4c91392b0 11 16715
394ad6e4e95646a28ad6e4e956f6a296 8 12418
a7f808562a95491bb808562a95991b5c 7 10812
6760db1b21024986a0db1b21029986ae 12 18514
b3a01baef6374604a01baef637d60410 9 13987
7fcbf1e1a4fe45cd8bf1e1a4fe85cd1f 9 13713
c0b6cb8de6b044d5b6cb8de6b084d5cf 14 21668
145440345318465794403453188657a3 1 2909
a3aa1aeb5b054a19aa1aeb5b051a19ae 9 14035
eaf58657457f4f89b58657457fbf8979 9 13868
3fbf19d39be042eebf19d39be002ee32 12 17913
0f58a664e20e4ccf98a664e20eeccf5b 6 9313
f6a986362823445fa986362823a45f9e 12 18725
79284ac427aa4f17a84ac427aa6f172c 13 20333
33540f48051c481e940f48051c081e11 11 16514
80c5031c5df5497f85031c5df5197f93 10 15593
dc7b317e01354be6bb317e01351be6de 6 9069
227b28d380ef46e0bb28d380ef16e023 15 23902
8b971d0122914af0971d012291eaf059 14 21568
d703b60a07a740ab83b60a07a700ab13 10 15542
64530511637c4961930511637c6961a8 11 15757
e05a794b44774e609a794b4477fe60c6 8 12671
6f159498d11f4959959498d11fa959de 9 13265
43e78a79072e4a65a78a79072e7a65bb 5 7998
335112d497dc44579112d497dce4579b 6 9353
93e41d431e444161a41d431e448161c7 15 23482
b0a0e4e1107f4825a0e4e1107f38255f 12 18448
26337c73b7024628b37c73b70246287e 14 21682
e8a1540ba09d40bca1540ba09d50bc63 11 17094
a64eeaf73042469d8eeaf73042969d9f 14 20978
8fffc948e6f84139bfc948e6f82139db 4 6392
173f41dd9be54609bf41dd9be5e60951 10 15586
05ee0aaefeb041a4ae0aaefeb0c1a4bf 12 18156
aeff501f6fd54ccabf501f6fd5bccaca 14 21992
0dc7bc5833474bd287bc5833477bd2db 8 12468
bf223c9377164518a23c937716751890 9 13929
0dfe61ba0d89410bbe61ba0d89410bbd 15 23243
ce0003249c5c4e008003249c5c2e0014 9 13907
e5f63c6852314b7eb63c6852311b7eb9 8 12050
970acbd01d9c48398acbd01d9c883907 11 16615
dd82d6a41768413d82d6a41768413db3 6 7679
f4ff48661a6e4604bf48661a6ea60459 14 22177
16fdad48af134bb7bdad48af13ebb76c 3 5377
c9be557c140b490fbe557c140b690fdd 14 22028
5cc3fe036581408083fe0365811080e6 15 22569
2d333d8bf3234fedb33d8bf3239fedfd 12 18848
e17f976e3674446fbf976e3674246f34 10 15634
2eb87c22db2e4988b87c22db2e298883 2 3781
90558d4af4ac4b69958d4af4acbb69fe 8 12245
642c4009f4bf40acac4009f4bff0ac4c 7 10960
9dbfc08fc8694719bfc08fc869f719e8 8 12464
8cbb2c71db324133bb2c71db322133a9 13 20145
13092213bb3a41ec892213bb3a31ecff 3 5411
12734e6d23a045cfb34e6d23a0f5cf76 9 13470
fcc3a3c569c5499c83a3c569c5b99c0e 13 20873
151189733daa44c59189733daa44c545 8 12263
8b1e260bc0ad41069e260bc0ad2106c4 13 20396
06d8d5a0314f44be98d5a0314f84bea5 5 8139
4b1563e19ea841099563e19ea88109fc 13 19763
e05fa63a490942bd9fa63a490972bdc9 7 10648
c96f7cb814a049c6af7cb814a019c6fb 9 13804
fdb59c5721b9466eb59c5721b9566e72 11 17119
024e860f957843258e860f9578b3258d 4 6049
7d04e4cd7cb341e884e4cd7cb341e86b 5 7371
19f822567b494b5cb822567b49eb5cb2 13 20304
3ba3e37b5c3d4d5aa3e37b5c3d2d5af1 9 13062
c5f110e6e3b84a89b110e6e3b80a89c0 12 18786
d1bafef75d0f4e03bafef75d0f5e03e5 9 13929
23071db670d84346871db670d8f346e6 12 18358
0152d57c47934af392d57c47934af3e2 12 18035
5ab2ab2efd6f442cb2ab2efd6f942ca9 10 15396
23257234d615425aa57234d615025a6b 15 23879
eb154325696b4e8f954325696bfe8fd2 3 4895
cbc62911134d4e5f862911134d6e5f76 7 10877
051e019b701a41a59e019b701ae1a563 8 12198
c4b0dd16cdd348fbb0dd16cdd3e8fb82 8 12386
241bbfab749d46d59bbfab749df6d52f 12 18668
74a25f56a54c4aeda25f56a54c6aed0c 12 18817
7ec4b459932c4a0b84b459932cca0b00 10 15352
1ba79ce380334c43a79ce38033fc43b6 11 16931
e0b08c9197f44e69b08c9197f40e69f4 12 20700
6ac18337259440ec818337259460ec23 10 15400
f863a1c4ec1d4e51a3a1c4ec1dee5113 13 20191
6d348abb7f914926b48abb7f91f926ff 6 9412
645a31023ea343aa9a31023ea303aa72 15 23688
e15bb0f06a30423a9bb0f06a30823a61 11 17100
671f25408ccb463e9f25408ccbc63ee7 10 15496
38ab79e9b96d42a6ab79e9b96d62a6bb 13 20348
58b5769e10304268b5769e103052683b 9 13889
84ca806a56c349a68a806a56c3b9a6cf 5 7917
21e9c49a8281417ba9c49a8281117b05 11 17308
cc1aa49d4c2e4eb59aa49d4c2eeeb5d6 7 10617
74202e23353e4478a02e23353e947880 11 17056
e026f6b35cb44acea6f6b35cb46ace4b 15 23947
3bbd3b032eae4291bd3b032eae3291fe 11 17106
8a5bde3641c543b39bde3641c5b3b398 6 8867
daaa665738124a86aa665738125a8612 15 23331
54ca66156cf444298a66156cf4642990 13 20188
48891e5bde7a4fe6891e5bde7a3fe66f 8 11961
19e7701c815540c8a7701c8155d0c873 3 4866
48ef32083f8c431eaf32083f8c231e92 11 16443
6beb9c6fb5094b82ab9c6fb5097b82c7 6 9500
7ea3979b46554bc2a3979b46556bc23d 15 23083
b9df675423c040259f675423c0c025ac 11 17055
9f2eb137512e433daeb137512e833ded 14 21845
1c95d34608ca4b8495d34608ca6b8431 3 5023
cf864f6b96a9457f864f6b96a9157fa2 10 15455
a8964469de844008964469de84500833 14 21968
bd6b19adf50849bcab19adf50809bc96 15 23884
2cb1908412ee4059b1908412eed059d8 12 18639
c0fc368968e3465dbc368968e3865d09 14 19939
c3ebf845c2564c85abf845c2561c85c5 14 21922
3801f7e27ae6497281f7e27ae6d97276 6 8916
f555e95b0ea04c6895e95b0ea01c6844 4 6209
25cfd2400da04da78fd2400da06da72c 8 12625
1309437a9ce6413889437a9ce6a13825 4 6174
8855b0d02e53418195b0d02e5351810a 11 17269
ce05ac424e36445085ac424e36745012 12 18564
53c9b3723ca7414089b3723ca7b14011 10 14879
9bb46de1cd894797b46de1cd89379745 9 13653
85a2ad3a030b40e9a2ad3a030bb0e9b7 15 23322
72e6ee145c674389a6ee145c67f389e3 13 18736
a076d5b8b24d4350b6d5b8b24d23505b 4 5957
17438a29e94646b8838a29e946f6b859 10 15398
9ccbc0583ae54aa28bc0583ae50aa200 12 33100
43fe2fc03115436ebe2fc03115236e9d 8 12480
214c2418b6e04c908c2418b6e0ac90bc 14 22083
beb2c3fe65864fedb2c3fe65866fedf9 14 21972
c0a583fb15b44ff5a583fb15b42ff552 14 22110
e85b39e205ff43e29b39e205ff33e273 8 12330
fbfa316626fc4e2aba316626fc1e2ad0 9 13936
b645773e4f1d46ad85773e4f1d16ad3a 11 17296
fe2538d829154b48a538d829150b48c1 10 15523
58946810ec084739946810ec0887397a 7 9949
45c8f85172574ac488f85172579ac4e2 10 15287
6d1e95e9f9b84d4c9e95e9f9b83d4cbb 12 18494
28fcdb12bd3948e3bcdb12bd3958e3ad 10 15542
4bcb7f546e5742bc8b7f546e5752bc91 15 23444
9fa15f0980c34693a15f0980c3269337 8 11963
8a45f2d3124845cc85f2d31248a5ccd6 13 20123
256a7059bb204ff6aa7059bb20aff677 15 23848
0fd7111156bc45af97111156bc55af9c 8 12464
b1dccbb06c2d4f3c9ccbb06c2d9f3c14 10 15134
fdb2539ea2c242bab2539ea2c2b2bab3 13 20113
e67b381737ff49a3bb381737ff49a36c 9 14135
c542ddc14a6c48cf82ddc14a6ca8cf98 11 16731
ee8134db693f4bf68134db693f6bf6c4 3 4632
0ef58c7e8a774f2ab58c7e8a77af2afc 4 6562
6144cd68fdbc4b8f84cd68fdbc7b8f73 7 10849
1b21734779124c16a1734779129c16c2 14 22121
cb0b29b490694f638b29b490697f6317 14 21705
ac621359c4144d17a21359c414bd17e9 12 18577
96bde7d8543945acbde7d8543975acdd 10 15563
e076de2e304c44a5b6de2e304cc4a572 12 18377
3d90b551fb58448790b551fb5864879d 11 16476
488ecb8e8b2a44e08ecb8e8b2a04e02c 15 23983
473b06bb13ef460cbb06bb13eff60c90 3 5016
b58e5649ff394db28e5649ff394db2f3 15 23703
97453a952227408b853a952227208b2e 11 16642
fa6b3800b02641e1ab3800b026f1e1cf 13 20399
da75fcb238db4760b5fcb238dbe760ec 15 23496
de3905b807b94f64b905b807b9ef64c8 11 16881
43cae3a51be243d88ae3a51be253d8fb 10 15550
62d84408df7c41d6984408df7c91d66a 4 6133
a63038afcdb04b2eb038afcdb04b2ee2 15 23717
9a79e3262a4246ecb9e3262a42d6ece1 12 18406
1241195451e84c1681195451e8ac1698 8 12394
5f2a00001dce45aeaa00001dce15ae15 10 14846
fc926ad2bbe4499d926ad2bbe4c99d4f 14 22096
61d821941180485598219411803855f6 6 8018
0bbec72a5d58417bbec72a5d58417b44 14 22185
0148a78db27a45a988a78db27a15a930 8 11744
17f5f6be9cca405eb5f6be9cca005ec1 13 19861
494d824b3e724fd28d824b3e722fd240 11 17298
728fa91b9c9e4a328fa91b9c9eea3297 8 12289
ce63bc070a9543aaa3bc070a95d3aa21 7 10838
aba42fefa009451ba42fefa009e51b0e 13 19962
474c75e56c7c4c208c75e56c7c1c20c3 13 20468
8f3828c5f9da419ab828c5f9da119aa4 12 18786
cd232137a4774eb0a32137a4773eb078 15 23713
4081811e216d431881811e216d031877 15 22889
c54bc5ec7ec34c668bc5ec7ec3cc669c 12 18584
cf0d9a6458654a498d9a6458657a4929 14 22196
4e019bf9645946ab819bf9645966ab53 4 5589
94b7f05d98ea4c5eb7f05d98eacc5e65 11 15381
5138e5ca63454287b8e5ca6345f2872b 15 23780
720c37a906e14b0c8c37a906e12b0c5e 5 10605
9b5a3bf5e0db4f0d9a3bf5e0db6f0d2d 6 8595
7c491a6d32d34da5891a6d32d37da5cb 14 21862
476599d185124bcda599d185128bcde5 15 23861
2eeb7ad8ea7a4993ab7ad8ea7a5993a0 13 19364
9ad0ecaae1d9491490ecaae1d9f914e2 15 23820
6d681e8695a046bea81e8695a086bef0 14 21612
1df913ebca664f2bb913ebca66cf2bed 11 17257
78c662df89b24f728662df89b2ff725d 13 20530
b3494afa251c4317894afa251cc317c9 12 17582
9f0922b58d4c49748922b58d4c3974d4 10 15174
489dc5383c904da79dc5383c90ada779 12 18397
7f92a78dea014ff092a78dea01cff077 13 20905
61512af395a64f30912af395a63f3091 9 13829
16a3efe270914377a3efe27091f377fa 14 21137
954c6b3b847242958c6b3b8472e2955b 5 9227
e4fef7d1e8174987bef7d1e817d98727 8 12728
aea38637eb3c42e6a38637eb3c52e626 15 22980
fba0c8b6be444804a0c8b6be44a80485 15 23593
3e5a7912661446ff9a79126614b6ff60 12 18521
5ac00d4ac12a4323800d4ac12a332307 4 5920
cb06ad43aa84488686ad43aa84e886e2 5 7192
6bbf8c364b2f4c1dbf8c364b2f3c1d89 7 10678
46f51fc33c6441b3b51fc33c64b1b334 15 23542
fc12185bc87542fc92185bc87532fc73 4 6548
b4d1ee2b8206437f91ee2b8206037fd0 11 17153
69080b96d88c4cce880b96d88cdccee4 15 24000
6a7eaebe856a43bdbeaebe856a73bd95 15 23333
65ad250b47d5421bad250b47d5e21bc1 15 23250
6bea49f5dd7b486faa49f5dd7b386fee 12 27875
8aec6ee43d9040ccac6ee43d9070ccb5 11 16903
420547a1e24947358547a1e249c735da 14 21512
96216ab1a6bb4093a16ab1a6bbf093b4 11 16428
ea55aa1337d4475b95aa1337d4b75be0 8 11870
41494380a5f94612894380a5f956128c 15 23262
e31ffdb0f4c441d89ffdb0f4c4a1d85f 13 20318
4a360b21a814464fb60b21a814764fb8 5 7151
231687898b81430c9687898b81e30c08 7 10967
999c63e946ab4d3d9c63e946abdd3d5c 13 19232
5053b8bce5bd437693b8bce5bdd376bc 15 23885
41cbbcb94f3242a58bbcb94f3282a50a 12 18902
a734cdfe22a1445fb4cdfe22a1545f63 9 14032
7d4ddccd3de242538ddccd3de21253e9 8 11171
c42845161dad40eea845161dad30eee4 13 20222
1f16d20aa418403696d20aa4186036ac 2 3798
0a1faca3d3e846cc9faca3d3e8a6ccd7 11 15928
b91428bc358b4e439428bc358bbe434e 12 18611
5d939fac6c2f4ebe939fac6c2faebed7 15 23651
9a697e9f5af944d9a97e9f5af9e4d975 9 13861
96cb52d35b5e434b8b52d35b5ea34b41 15 23416
d35a3fca2bf9467d9a3fca2bf9c67db9 15 23678
cea00c272d334a58a00c272d337a587d 7 10532
2ad7521f50e1423197521f50e15231e4 7 10591
b7f495b1dd724127b495b1dd72912701 5 7753
5039f4662e68431db9f4662e68531dea 5 7824
1e7e426c70334074be426c70332074d3 15 23145
307f46c7f61249c2bf46c7f612e9c252 13 19930
7668deb49b084968a8deb49b0899687a 12 18704
24bd4a1187d04488bd4a1187d0b48844 4 6577
d646430773b74be986430773b70be921 14 21836
cfa62d53562142baa62d53562102ba17 5 7869
5e7b85885d184db9bb85885d183db917 10 15244
08ef273bb18c41b7af273bb18c61b725 12 18661
7a2301a2998043a5a301a2998053a553 14 21069
c0284bd068e84544a84bd068e8854428 12 19066
c0d79d54b398443b979d54b398d43b87 4 6238
469e01886a4d4ac99e01886a4d8ac969 15 23786
a5ca6797f106475d8a6797f106775da1 3 4519
72101e2558b54121901e2558b5e1215b 10 15471
949b1857bc1b47159b1857bc1bc71539 14 22024
f9ac33e6770149aeac33e6770119ae9a 3 4954
936788a136244722a788a13624572241 14 22057
360ec0ee8add48728ec0ee8add3872c5 15 23753
c1ad9bcb65ad45b1ad9bcb65ad75b1ea 12 17997
055e912e2cea463f9e912e2ceaa63fff 10 15616
347a3610f1c14dc7ba3610f1c1fdc731 13 19790
abb7125ca8a54dfab7125ca8a56dfa65 12 18757
3b900ca3fb854db8900ca3fb850db80b 4 6602
67609aae3abc4faca09aae3abcafac75 9 13634
fac598a8d14d4f948598a8d14dbf944c 12 18293
c879b850c9da4fc3b9b850c9da4fc3c9 7 10870
328f94c93174454c8f94c93174554c31 15 22622
e12652dfdfa44f4ca652dfdfa4cf4c90 5 7396
216b008507aa46b5ab008507aab6b513 8 12248
964b4f8d931248f18b4f8d931208f1ae 13 18988
a6817ab369504136817ab369501136a6 13 20363
412ae378e6234d32aae378e623bd3252 10 15510
4846098a63ae45df86098a63ae35df90 8 12519
50053c1a6f234fa2853c1a6f23efa26f 14 22092
86faf413742b4b78baf413742bcb7888 6 8939
8001c42173744e5a81c42173747e5a97 4 5984
c7ab3c5c904147c6ab3c5c9041c7c6b2 14 21405
89b3b2daf37b45b8b3b2daf37b95b80e 8 12232
0181e12efae24c0d81e12efae2dc0dcf 12 20697
1308736edbeb4a0588736edbebba0573 11 17088
33cffaa56c5341858ffaa56c53a18529 8 11669
8bda6d1f9ac6430e9a6d1f9ac6030e35 12 17874
7849a6175ba7415989a6175ba7b15967 15 23049
4987f27b99a2463587f27b99a2863591 13 20353
a9d4bc3f93e7435f94bc3f93e7235fb8 15 23606
77afe382569e4a32afe382569eea3290 2 3740
67ac3281bc29418dac3281bc29a18d12 12 18455
cd03a58008a241f783a58008a231f78d 11 17136
12da54efcbcc41bf9a54efcbcc51bf8c 11 16663
cb1a9a9f09cd4a9e9a9a9f09cd6a9ea5 15 23894
b332b1938a324f38b2b1938a321f387d 12 18727
c346c4203a954e5886c4203a95ee5893 7 10394
1f80927d7b2542bc80927d7b25b2bce4 13 20174
96984a8673e2424b984a8673e2324b87 4 6641
0606682d5385407086682d53851070a2 7 10935
86e98d03142f418ba98d03142fb18b46 14 22102
e918eba0cf91426b98eba0cf91926b3e 11 15648
dcbfa87a0cdd40dabfa87a0cddc0dae5 9 13901
6a017c5461e640b1817c5461e6c0b14d 13 19120
690b2108598f4e9c8b2108598f3e9c19 6 8156
8804527ae86643f684527ae86693f673 4 6588
dbda806972ec40159a806972ec80152c 3 5265
e736df6fce3a4c88b6df6fce3a1c88b8 13 20359
3e2c2797c03d4c62ac2797c03ddc62ee 14 22162
db544e2a892f49d3944e2a892fe9d3f3 11 17077
931ac049003945389ac0490039d53871 11 15882
185faf547cee45b29faf547ceea5b239 15 23451
82c1c9cc753e486b81c9cc753e386bc6 7 9689
387c8b8adb374226bc8b8adb3712266b 9 13916
42b4792436a84852b4792436a858529f 7 10906
6fc5298ee41344b485298ee413f4b40c 15 23632
4e42ef55b4b9458482ef55b4b9858423 11 17200
47bad653532e4989bad653532ec989fb 14 21762
414e3fd1174248fe8e3fd1174228fe9b 14 21866
7e376d9f982045b2b76d9f982015b263 9 14007
6af8e24b23514129b8e24b2351c129dc 13 20429
3d6babc2fd38472dababc2fd38972ddf 14 21302
7a3f11fc42ee49efbf11fc42ee39ef83 9 14024
74c615da723e4ddf8615da723eeddf1c 14 20304
e6309175911b4e66b09175911b0e66e7 7 9444
17a7b1bcd6154a6fa7b1bcd615aa6ff8 2 3794
c4c5515457b14bf885515457b1bbf880 11 17002
8b8f4acded36424b8f4acded36224b91 6 9210
2efaa6bf296149f0baa6bf2961a9f0fc 10 15147
753d1b398638498dbd1b398638f98d50 13 21014
c1dbbb10a8fd4f479bbb10a8fd8f47d1 13 21047
34ecb63b624e4bd8acb63b624eebd8c3 8 11378
f97e76a6122a4abbbe76a6122a9abb0f 13 20508
d03b9fef34104856bb9fef3410d8569d 10 15332
b032b22ea2da4817b2b22ea2da981764 12 18850
eb96431d8f7f4df096431d8f7f1df085 10 14567
9cdc3597d0334cb99c3597d0339cb96a 7 10680
e9681f5544294ba7a81f554429fba722 14 21986
1f6f5f8116164f68af5f811616cf68f5 8 12149
8b66203439f24876a6203439f2c876be 8 12452
5acd8f0e5e4d45e88d8f0e5e4d15e889 5 7863
55bca6033dc94974bca6033dc9897421 14 21429
a90d72a59dd84bb58d72a59dd85bb595 14 22062
03b1e4939ff44b70b1e4939ff4db70f3 6 8822
262f612062f3438baf612062f3f38b5b 11 16813
d2a3fe08a8b14680a3fe08a8b1b68065 3 4744
6fc8f14be4c9408088f14be4c92080e2 14 22145
bea231a20cb9437fa231a20cb9137fcf 11 16729
fc76c3c5ea2e4537b6c3c5ea2e653726 5 7363
94e7403246bf46efa7403246bf36ef45 7 10531
1d0be9a4c78d4a2d8be9a4c78d7a2d02 14 21221
2818f7c132604f7198f7c13260bf715e 10 15250
7d48eb4500e5481688eb4500e55816b7 15 23818
ab6ec61f814347c5aec61f8143d7c564 6 9302
8f76f6159ef5410db6f6159ef5810da3 11 17213
3a5b82d668584a4f9b82d668580a4f24 14 21793
5b73676ca235452eb3676ca235452e62 4 6655
426e27d0daed484eae27d0daed684ea1 14 22167
ec75b3b522464a37b5b3b52246da3777 13 20142
f2913ffe40ad474c913ffe40ad874ce5 13 20582
9f5ce659d4514a8c9ce659d451ea8c3c 15 23809
15f3588e9cdb4f51b3588e9cdb5f518f 14 22094
ebc633e7499f4e618633e7499fae6111 14 21944
82c84b2e3bc342c0884b2e3bc372c0c4 10 15555
63f4d560dfb1499eb4d560dfb1299eea 10 15194
bf32c3976c88413ab2c3976c88613ab9 11 16655
02c8fde1594445f688fde15944f5f6fe 14 21033
740a45867e2c40b78a45867e2c70b7e0 7 10895
616f8bb6c2db4593af8bb6c2db15937f 14 22247
e7c8e4067dbe4d4688e4067dbe5d466a 15 23856
c9712230f87441e1b12230f874d1e1db 14 22063
06201cfda082470ea01cfda082370edf 13 19437
ce44b094242a46cb84b094242af6cb61 13 19814
032612789526484aa612789526e84aa7 15 23878
da4a1b6b298942ff8a1b6b2989d2ff84 14 21319
cba696b71843457fa696b71843c57f0a 15 23510
49a8af6f927c4e57a8af6f927c8e5726 12 18812
9e1c2be9bb634d3d9c2be9bb637d3dc8 12 18914
f81f4f7d5c6b40fc9f4f7d5c6b50fc87 13 20290
30e40e00390a4274a40e00390ac27453 3 4899
6fe0ff87c04540b6a0ff87c045f0b691 12 18919
54d8c335fc6140c598c335fc6170c53c 6 8902
419756b907b040559756b907b05055b6 11 17147
f187c5d735574be087c5d73557abe057 13 20214
5de5d830e83f4344a5d830e83f7344f4 3 4919
545aa81d44944e119aa81d4494ae118c 14 21749
d8b689692c364004b689692c36300436 12 18790
4519205ffa1a420e99205ffa1a520efd 12 18614
8500292ea14f41b980292ea14f41b9ee 15 23478
8f3ce190dae3464ebce190dae3e64eae 5 7874
95954e5409f84913954e5409f82913ec 14 21974
d135c83b04844e38b5c83b0484ee3875 14 21561
ba4f2f37eb164aeb8f2f37eb163aeb2e 6 9426
2624d8b99b9946c7a4d8b99b99b6c76b 13 19736
ecabe8228c67487fabe8228c67b87f5a 2 3783
08a7a5163ce94f83a7a5163ce9af83df 14 20822
15ac6b56b42f4ceaac6b56b42f8ceaff 5 6397
72816a480f354159816a480f356159e9 7 10859
01ebae21717f4e0eabae21717f4e0e02 5 7752
302653dfe67545fea653dfe67515feb0 7 10650
48b24b06e0a6494bb24b06e0a6694bd6 9 14022
b62c6b85497949b8ac6b85497989b8a1 13 20435
6f360951adc243ceb60951adc2d3ce0b 12 18421
2d6dd80835c54746add80835c5074669 14 22188
fd9a46245ee749ca9a46245ee709ca6f 8 12293
33dd3b08f1324eda9d3b08f132eeda28 14 21023
12a0c25974cc4434a0c25974cc04342a 14 20793
bcdae4d7abc643249ae4d7abc693244f 12 18790
9b7c7c46af31423bbc7c46af31923b68 2 3754
1338aa1f55604f19b8aa1f5560af1935 4 6399
acb58455b93f4735b58455b93f373574 7 10790
ddc4199ccb7845c284199ccb7835c2ff 13 20112
288afaf72d5c43f18afaf72d5c83f168 9 13667
931d71a8b80449b79d71a8b804b9b765 10 15027
66d983da4d9844339983da4d984433ff 14 20792
3bd0119dcb364e9c90119dcb36ce9ce6 14 21981
d30307952a8e497b8307952a8e497b65 14 21217
4bd3484819b94bd493484819b90bd48d 12 33730
d86c21fe16d84dfcac21fe16d82dfcb4 8 12468
2810db81c4894e3790db81c4896e37e9 2 3750
2702de3547cd44a482de3547cd94a48e 12 18688
37d9c04831014b6199c0483101ab618b 7 10626
2c453f2c4e3c47af853f2c4e3cf7afb3 15 23042
c47f2c9dc220447abf2c9dc220247a32 14 21993
eadb07da97fc49e89b07da97fcf9e87d 5 7869
1424754098f545d9a4754098f515d92c 12 17288
446034c5f6e34c18a034c5f6e3cc187f 10 15576
cb4917c1d5f14ecd8917c1d5f1aecdce 6 9419
91f45a280a994b83b45a280a99db8315 14 21955
c9651a3c59d74f6fa51a3c59d7df6f99 7 10881
f47618d2b1b24fa6b618d2b1b29fa662 15 23823
46ec17a8f00b446eac17a8f00b946e74 13 20115
281bfc043bea4dec9bfc043bea6dec34 9 13986
a758b6602a7b47d598b6602a7ba7d50d 15 23875
b4a2b6e5035540eca2b6e5035540eca9 8 12121
73cc12edbf254f978c12edbf250f976f 14 21961
b7df1da085ca44f29f1da085cab4f242 10 14728
7021dfd93ccd4aa3a1dfd93ccd1aa34b 14 21794
bdb138b5cf10497bb138b5cf10197b56 15 23187
38d50743777b4be8950743777b4be8bd 11 17029
c92dc9f480b34709adc9f480b33709a1 13 19957
1723abc3c69a431fa3abc3c69ac31fff 15 23856
d90aa38b1571425e8aa38b1571e25e35 10 15390
76460b32e9e4414f860b32e9e4f14f26 14 21535
50583bf3fb2740c3983bf3fb27c0c374 6 9229
75ae3e98c52e41e2ae3e98c52e71e2bb 14 21459
4e030336ca724c44830336ca722c4481 14 22195
38b35240d4e446b1b35240d4e476b1f4 13 21033
2e9194f7a2a2494b9194f7a2a2294bf7 15 23583
ecb4abbd83c642ceb4abbd83c632ce9d 10 15573
8cb81d6c36cd4ccbb81d6c36cd1ccbc4 10 14844
1dedb536197c4772adb536197cc772e2 9 13888
0116e7b6ead34e1096e7b6ead3ee1004 15 23646
e825a2e18c584edfa5a2e18c588edfc9 10 15368
5d79c8bbabc24430b9c8bbabc2b43031 8 12098
844ea54ded4b4e0c8ea54ded4b3e0c66 8 11946
2ef3d232bfe54222b3d232bfe522223a 7 9846
8a72c01753bd4e82b2c01753bd9e823c 10 15376
69bc66e278cc4fbbbc66e278cccfbb38 9 13065
25448adde4314c59848adde4311c595c 4 6831
c9535ef340db4471935ef340db34711d 5 7627
33cca039757d4b248ca039757d3b24fe 7 10709
e265f55f2e564f49a5f55f2e562f49ac 10 15514
f7c6635f3508488186635f35082881a2 5 8010
396429e9e3934463a429e9e393846394 11 16698
7093fbab97e2439093fbab97e25390a7 12 18222
e15c5900b22842999c5900b228a2993d 11 17191
727e6413833944c8be64138339d4c8a5 3 4925
63b58c17aa634826b58c17aa63f8260b 13 20310
46769998fbc14146b69998fbc1a1464d 9 14081
d1552dd5456c4cf3952dd5456c8cf342 13 20028
d5452fcf65a9469d852fcf65a9969ddf 7 10838
b851a8df7a914fb791a8df7a911fb7b0 9 13854
3e98702bcd314c6e98702bcd31cc6e65 7 10807
0b9ac70f443b4f089ac70f443b1f08b4 11 16988
13723c0dfcef4c75b23c0dfceffc7548 1 2778
94c6d6f146414f1286d6f146410f122b 15 23972
a6bb2225317248cfbb2225317298cf33 14 21559
fa4dc25b72454c568dc25b72452c56d2 6 8104
25dd2955d94b4c409d2955d94bcc401d 13 19952
51bbc31ff65a45e9bbc31ff65a25e9a0 9 13871
dad5f670322340d295f6703223d0d2cc 9 13300
a7a57132e2274495a57132e227149500 11 17122
b4401bb95e074896801bb95e07789611 15 23695
8d5761dda30b44759761dda30bd47593 15 23803
0f10a7d59c3d4db790a7d59c3d8db78b 6 9397
ba2c2f0533f04f29ac2f0533f08f2963 7 10861
133e8b5e8dc842fabe8b5e8dc8d2fa9c 15 23795
fb8bd76ebd9041878bd76ebd901187af 14 21974
bca775a4e9a94db0a775a4e9a9bdb0d6 7 10886
b2374af2c1734c7ab74af2c1736c7aff 9 13057
0460a325251f4ccea0a325251f2cce41 11 17095
cfdf1f8eca4442e09f1f8eca4452e004 15 23257
73d8e04c0baf4f7f98e04c0bafbf7fa9 6 9194
024e5fd0f812432c8e5fd0f812532c8d 5 7357
7f39bcb0964746ceb9bcb0964776ce60 13 20387
117ce80e985c4b5ebce80e985c6b5ed1 14 21792
1063b8c5c0a74360a3b8c5c0a763606d 7 10441
b08d924dc5564b798d924dc556eb7990 13 20087
a8ecef006b4143eeacef006b41c3eedd 15 23786
0e6adf91d95b4795aadf91d95ba795cd 10 13533
6fb3a9853cab408ab3a9853cab908a79 15 23847
cdf0fd966f6146e3b0fd966f6186e39e 5 13845
db88e9d0c31d469488e9d0c31da69455 11 17047
c9fa07792c1241b9ba07792c1231b911 15 23872
a1f4dee5f6e54e31b4dee5f6e57e3109 14 20050
aab306404f6842d8b306404f6872d85a 15 23577
d9f2d8784b3a4cfcb2d8784b3a2cfc53 13 20431
c65361538ed741d09361538ed7b1d084 12 18240
5ed36f0104644b0e936f0104647b0e9d 10 15444
1983ee15de30475883ee15de30f75845 6 9224
0ccbfab43c654bca8bfab43c65ebcaad 12 18910
962b30020e8d4936ab30020e8d9936ca 5 7928
4f5f3a9916e347999f3a9916e3b7991e 9 13908
018e45490d6e4b3a8e45490d6eab3a4e 14 21629
b877f4578cc947f7b7f4578cc9f7f740 7 10522
4b37d7edc2044d84b7d7edc2044d8419 11 15918
2adde89f213e4c329de89f213eec323c 15 23852
07ac314c09134b17ac314c09136b17dd 14 21590
0992f12ed12849a992f12ed12829a941 6 8786
5a4865e2ed03433b8865e2ed03633b83 5 7673
dae50b7b53b9436fa50b7b53b9936f16 6 8906
ae27a51c65d74780a7a51c65d7778098 15 23880
7300bd7fbe93444680bd7fbe93f4460a 8 12455
dc18567df12841e698567df12871e6ac 13 20449
cd86e41cace64c5c86e41cace6dc5c20 14 21663
a54daa7eb18b4e288daa7eb18bbe2804 12 19060
584269935f064e418269935f069e41ad 13 19796
3687335242e8479587335242e8a79589 9 13382
c36043303f9c4069a043303f9c1069ce 14 21909
36f835caeebc4b73b835caeebcfb73de 4 6912
802d9d4e673b411ead9d4e673b811e04 13 20422
893fe6de8f2a472fbfe6de8f2aa72f47 15 23610
c6681641a0724827a81641a072b827e7 9 13912
d86241a39abf4eb7a241a39abf2eb71d 9 13719
21ac6516ff74483dac6516ff74d83d10 15 22633
1f5ecf9c7dec435a9ecf9c7deca35aaf 5 8017
51eb6fdf55eb4b73ab6fdf55eb1b73fe 15 23756
094f40080e6a4dcf8f40080e6a5dcfde 10 15141
09c7bdb393c64a3987bdb393c69a39b4 7 10850
e3cb3ffd6e284cf78b3ffd6e284cf740 5 8015
2e9162c3018c4e999162c3018c8e99f4 15 23764
30e96c59562643d1a96c595626f3d12a 13 20307
6fbe3511aba54d2ebe3511aba58d2e2f 15 23673
6fe834d8f7354b5ea834d8f735eb5e03 8 11876
4053a947bc18404293a947bc18c042fe 14 21029
52d3e0ceb23b4ac493e0ceb23baac4fd 8 12327
afa343f66dd849dfa343f66dd8e9dfd4 7 10315
28b526940b29405ab526940b29505a65 11 17199
77f7bef932b347f0b7bef932b357f0f2 14 21999
48fc203f003449aabc203f0034e9aa05 4 6194
d0e3f36b1bcf4f83a3f36b1bcf3f830d 13 20261
48b35d18bf834051b35d18bf83b051ec 6 9278
de9073b7443745489073b74437354849 14 21720
ebcee89d7410474c8ee89d7410374c40 13 20932
e5a8797509f64911a8797509f6f91193 5 7986
5b748ffc9a564298b48ffc9a569298a0 11 15190
28a8bc0283d54f39a8bc0283d5bf395f 6 8747
b9d7103a6eaf402097103a6eaf4020b5 2 3719
b14b163cc6a9423b8b163cc6a9e23b64 9 12692
e114afdda3224ddb94afdda3226ddb81 12 18774
80c2b972a3814e2582b972a3814e25c3 8 11537
d122b4a9ce6a4a77a2b4a9ce6aaa7726 12 33908
68b77d8addfd4604b77d8addfd8604b6 13 20407
fe311ec76eea4c25b11ec76eea2c25db 15 23197
a7014ab658224b7e814ab65822ab7e3f 13 19749
3d0fcd8d8a8647618fcd8d8a86b7616a 11 16958
483f9e03dc9b41d9bf9e03dc9be1d900 15 23373
e8446e0878da42e8846e0878da02e88d 14 21784
a7cb18176b9a42538b18176b9a42539d 11 16831
c9db112bba8f4fb19b112bba8f3fb19c 6 9263
c7402f63d6004538802f63d600a5388d 14 21613
9044befc921e4b9f84befc921e9b9f3a 10 15476
4a2799b741c54313a799b741c5b313c5 4 6202
b6bc8d48c16c4e1dbc8d48c16cbe1dfa 11 16890
62f4358bf30d4e41b4358bf30dbe416a 13 20308
c1ad98356fdf4a05ad98356fdf6a0519 4 6523
02ba0d48f173411aba0d48f173e11a15 2 3797
255822bb3ca4467e9822bb3ca4f67ece 6 9397
6dd5aee0055c4cf695aee0055cbcf69f 4 6074
33bed90671c040c9bed90671c080c9c3 9 13787
42d5d7ca08f04d7295d7ca08f09d7239 13 20407
aff02bee1bda400fb02bee1bda700f52 12 26785
0bc1c4f1a48c484781c4f1a48cc84717 12 18830
72c151b5bfb044b98151b5bfb084b992 12 18185
1725b031cb9e47c7a5b031cb9e57c7ca 9 13903
8550ebad513d41a590ebad513d41a58e 9 13996
ea0ace63ebc347ce8ace63ebc367cea6 11 17197
023b8777579f46e1bb8777579f96e12b 11 17141
16dd0f4c837441b49d0f4c837401b49a 13 20534
89755a8af4cd4956b55a8af4cd6956fe 5 7470
421511316ade4ff99511316adefff9d5 13 20383
dcddeb20f7674a359deb20f7676a354b 8 11936
41f2f723ca384e3cb2f723ca381e3c68 13 19746
04b7acf56c274e82b7acf56c27ae82c1 8 12417
9bd22371e5d249cb922371e5d279cb02 15 23802
93673ef7d7d3420ea73ef7d7d3d20e25 6 8928
c6751d624dc44da3b51d624dc43da3be 14 21872
16d00cbd102f4014900cbd102f401430 7 10716
933b9532346a4ebdbb9532346a1ebd67 6 9350
8b6dfadc8db5486eadfadc8db5a86e07 13 20226
a96e69f3d06140c4ae69f3d06120c44f 9 13978
411785ad9dfb48469785ad9dfba846d9 12 18568
fc244b3577aa465ca44b3577aaa65c2c 15 23669
ad8ca7eb5cc9463c8ca7eb5cc9e63c53 12 18801
c5024eaf009c43b9824eaf009cd3b9aa 12 18798
6df9e00f69304271b9e00f6930727190 15 23823
2c74163a625f4e4db4163a625f1e4d52 9 13831
b4516db073e54f3d916db073e50f3d14 10 15558
3e6eacbddf834503aeacbddf83b50312 12 18098
d4c7065fc3c244de87065fc3c294de9b 10 15542
c0a84069ef3142a0a84069ef3162a09c 13 20047
3a3710e755984c8fb710e75598ec8fdd 5 7910
52116386248a4638916386248a463840 2 3770
9b07a39ff4e24ccd87a39ff4e22ccd2d 11 17138
c1a5e524ed8345d3a5e524ed8325d32d 14 22256
70d8f896196b412998f896196b51299f 9 14017
48466a33688648e9866a336886d8e99e 12 18474
f887ee857d784ab787ee857d788ab72c 4 6438
99e74fe00ee541aaa74fe00ee571aa11 5 7994
5a19efff8f2542be99efff8f25b2beb4 15 23659
31b5b90855734f16b5b90855733f1645 12 18668
1f991540a5a64645991540a5a6b6456d 12 18768
8a04721a33b5481184721a33b5a811a1 8 11666
0ef701594da04231b701594da0c231f9 8 12365
48a977c3c30d4c04a977c3c30dcc04c6 15 23636
029fd39690164e919fd39690163e9142 12 18712
8a668a0f53474cc7a68a0f53479cc71f 13 19048
6b1cb44b7c46473f9cb44b7c46e73fcf 15 23601
405deaca0ab145ff9deaca0ab115ff03 7 10841
0f0a63f9602f4daf8a63f9602fbdaf8e 15 23803
7515397ed422412895397ed4222128a3 5 7962
02c019edf2944bba8019edf294bbba06 9 13361
5889227853dd422489227853dd6224fc 5 7496
90b241bd1faf4b7cb241bd1faf2b7cb7 9 13865
fd196d67d4504ae5996d67d450bae5f9 6 8849
c0e985e0bbf24322a985e0bbf21322a2 4 6517
448f085b343e4ab48f085b343e6ab45d 11 16439
1300ae375d134a6a80ae375d132a6ae1 11 17219
b15380b03ed84a0b9380b03ed83a0b48 1 2916
add2d725bc354eb192d725bc357eb156 14 20120
ead7094d844b423f97094d844b323f98 13 20341
7031304a93d947fcb1304a93d997fc27 10 15330
a88afb35237049e38afb35237029e32f 15 23528
342d409d8576435fad409d8576d35f94 14 21122
7d02ea6b8a2e440082ea6b8a2ee400cf 12 18544
aa1037e53b4148869037e53b412886af 13 20344
a0c6ca76feb9402f86ca76feb9502f05 6 9026
7a15105491f5420a95105491f5c20abe 15 22324
468f6c25ed3343ff8f6c25ed3333ffca 12 33802
b6dc46c9416a42ae9c46c9416a42ae72 15 23667
911abf51e6724dd89abf51e672edd852 13 20108
dfc45aae6e644ce1845aae6e64ace1e9 15 23631
7e206a541dc54b58a06a541dc58b5816 15 23720
cada6ef1e21a43179a6ef1e21a431762 12 36619
b3f9e62c7beb4be7b9e62c7beb6be7f7 13 20038
b35f3fa4c9f2481d9f3fa4c9f2081d2b 8 12459
2cf0a4cf902b4396b0a4cf902b0396e0 7 10744
42a6ea64235e499aa6ea64235e999ab7 13 20382
200cc5707f2d4ec98cc5707f2dbec996 10 15002
56fccabf84524515bccabf84521515a4 9 14000
fa686416d3be4191a86416d3bec1915d 10 15260
020abf56865e41b38abf56865ed1b339 13 20402
a5f7fa5a743b474eb7fa5a743b974e55 13 20504
4db916d8a7764701b916d8a7764701f3 10 15395
6665d9f5fa04412ca5d9f5fa04412cd2 7 10888
b74ea87fea204be58ea87fea207be535 10 15521
29fe4157b8b840babe4157b8b8e0baf3 9 13038
0b0de7997fe4427b8de7997fe4c27bde 12 18286
76303a4b50c643adb03a4b50c6d3ad46 15 23779
41e463a0f02e4fa1a463a0f02e0fa1dd 10 15680
807322d066074d26b322d06607ad262b 13 20301
882632132a5d4d2ba632132a5dad2bbb 14 22249
3231865e79414ff3b1865e7941aff343 11 17162
edd1136fe7054feb91136fe7051febcb 14 20701
8b95d9f2c3f1451795d9f2c3f1b51703 3 4846
4b63bd92bb5c487ea3bd92bb5c487e68 8 12230
d2f9bde2a42f4efbb9bde2a42f6efb6f 11 16401
6bafff1be7d446fdafff1be7d4f6fd44 10 15545
6298422b5a56462198422b5a564621de 11 17124
d87300c084bf49cfb300c084bf49cfb9 12 17886
aa2fa05063184021afa05063188021a0 8 12161
c6d022ff684048cd9022ff684058cdca 13 20431
aab6a983cc4446b6b6a983cc44e6b636 14 22200
0e55ebe8551d4bc495ebe8551d0bc4bd 11 15449
339833f9dc3e426c9833f9dc3ee26cdb 9 13847
fca57427dd8b4a44a57427dd8b6a4495 7 10742
7db2a5272e844727b2a5272e84d72777 9 14014
33d0676b46da4dcd90676b46da2dcd0b 15 23842
c7bfe3128a754c3abfe3128a75dc3a34 5 7756
8c6e4127c8154ffaae4127c8154ffa1b 9 14175
caf0fae079b040f4b0fae079b090f42e 3 5009
e830e5bad3bd4cb5b0e5bad3bdecb5e4 6 8861
1f82a3579e7b4ae782a3579e7beae719 13 20215
ecde12bd984242a49e12bd9842c2a4e5 8 12203
72cde49d48f843468de49d48f8634695 3 5047
816386d9409a410aa386d9409a710a4d 12 17520
8f1bab92cee246729bab92cee2667243 15 23251
26411123f3c44f59811123f3c4ff597a 13 20204
2ceebd3ac7164356aebd3ac716735632 12 17991
0eebcc323feb4efdabcc323feb3efd08 10 15487
1f27b069edd94107a7b069edd9b1075a 8 12176
27afddaf369043ceafddaf3690c3cec5 13 20231
d4b4c6c0b4514a76b4c6c0b4515a7628 12 15873
353be0add80c42f7bbe0add80ce2f7aa 15 23824
c295ce9edc88405895ce9edc8890586f 10 15536
176273eeb99249f4a273eeb99229f4e7 14 21610
16ee487c81f74ed6ae487c81f7bed656 11 16134
ea60c8da10964570a0c8da1096657068 12 32019
46d9af148da5461c99af148da5f61ce2 11 16993
c46b32535dca4974ab32535dca497408 13 20174
9f7c971d61a54768bc971d61a5276851 5 7875
387e20cd6f9a4a56be20cd6f9a7a5663 10 15476
6fe13ab2b8294ffba13ab2b829fffb7e 13 21108
ac75fc30e2f747e4b5fc30e2f7d7e494 11 17331
1f574252c8dc4759974252c8dcb75990 2 3672
cce7c993e979494fa7c993e979794f0c 14 22067
a862ddc60efd4b6aa2ddc60efd1b6a3b 11 17267
4995e3c6a19243ef95e3c6a19223efab 14 21474
07631a51a7e340b0a31a51a7e3d0b05a 13 20266
d5e376aad71a47c0a376aad71ab7c006 12 18498
360148c29b6c42d08148c29b6c92d0bf 11 16600
6d88cb45e123461d88cb45e123e61dc9 8 12348
27b8fe14cb714ff2b8fe14cb71fff2f6 13 20273
98e382ce8a864175a382ce8a860175e1 9 11987
4ffd2281d297463abd2281d297c63a3e 4 5891
65fa05a7bd6841abba05a7bd68d1ab01 2 3799
42fded5a0e5d4841bded5a0e5d384109 1 2867
bdfd071e7cfd49d9bd071e7cfd39d9c9 15 23041
845c53c60ce441c19c53c60ce4e1c162 11 17211
1be892ee9f294c4aa892ee9f297c4a02 14 22080
5963c5c07e3e4b4ba3c5c07e3edb4bb4 10 15579
98e915ee65fb4915a915ee65fb39158d 12 18692
988ef18a049842768ef18a0498327678 12 18860
9d49792841424d4c89792841429d4cc3 9 14265
c541247bcd624f9481247bcd626f94dd 15 22720
87a1d20d1be44ebfa1d20d1be43ebf73 12 18576
6eda4fa9c3924f6f9a4fa9c3927f6f75 12 18902
185de9d6025d47a79de9d6025da7a707 11 16772
933d59c31d084dc4bd59c31d08adc42f 13 20992
2ff50013ad2b4855b50013ad2b185521 10 14888
b1683b07cb55404ea83b07cb55b04e0f 2 3742
ed649c9161e646aaa49c9161e696aa3c 6 8029
9e3db25d19114b4cbdb25d19119b4c54 15 23510
8ac0b077da854ea080b077da85bea021 13 19567
ff9af4eaec3040c59af4eaec3060c52a 15 23777
a302661ef199426782661ef199a26798 10 15240
332724143b414aa5a724143b410aa578 13 19431
c32507c3fa5246c6a507c3fa52b6c634 9 13206
5e5669a13ad34c379669a13ad3bc3740 15 23702
a91c4f32ded0492b9c4f32ded0692b6b 12 18784
e5938997ee1b405c938997ee1be05c95 13 20400
d7ebda7712e64cb6abda7712e62cb652 6 8934
d2cb4e86e80c42988b4e86e80c4298c5 9 12731
775ecbdb49bd45949ecbdb49bdc59471 5 8090
e02b500329884a2cab500329885a2c62 6 9373
d66716c815c4436aa716c815c4c36aaa 9 14062
a99e6e65539a49d19e6e65539a09d14b 15 23634
275c77841be34d249c77841be34d242c 2 3739
e471b1751f6d4125b1b1751f6dd12567 10 15450
82ce91a6ab9e40888e91a6ab9eb0885d 13 20353
edee1437e2914b98ae1437e291ab98e1 15 23550
0b75354f7aa64545b5354f7aa63545a8 15 23110
ba23e8f4b9ba45c3a3e8f4b9ba95c36c 14 21941
daca4b6aa531429d8a4b6aa531329d8e 9 13912
bf5d5b82e732432c9d5b82e732832c7f 13 21043
9ad3b45560454d7b93b45560455d7bac 15 22068
41c398520d6641c18398520d66c1c1b9 6 8057
d980848b0793452e80848b0793f52e34 7 9864
3602a897dd984f3b82a897dd98af3b3e 4 6691
26f61c94f089415fb61c94f089215f09 8 12325
17a4b6ec47294b00a4b6ec47298b003f 15 23733
e6bf98a2f471484fbf98a2f471e84f9d 15 23547
0925161322d444b3a5161322d464b3f7 10 15395
80c0d1b33fa04ca780d1b33fa0aca74e 14 21700
5b7f3d86908b4345bf3d86908bb3451b 10 15223
696ecec5184b484aaecec5184be84a4b 15 23626
65466212fccd4ac1866212fccdbac1f7 10 15336
d28fb69b03954ea58fb69b03957ea53f 10 14888
2ef8127ba034423fb8127ba034923fe9 15 23281
dd3656e686194c41b656e68619bc41bd 6 8933
c452a3e6dfe142a692a3e6dfe122a63a 8 12394
23f7edb1ecc94ed7b7edb1ecc93ed7e8 1 2819
f0a46472fd304415a46472fd30041507 10 15271
e176488314c74e33b6488314c75e3360 15 23289
ffe4e716fdc648e3a4e716fdc628e3c0 3 5291
6bfcf37402cf4091bcf37402cfe0917f 11 17030
7c62c182ea004e2da2c182ea00de2d82 4 6210
50c5809bb543482b85809bb543682b7a 10 15472
921c14ac2b6046a89c14ac2b6096a83f 12 18528
ca8adc3963a741e68adc3963a7a1e6a4 15 23659
18b658e3a8e041e7b658e3a8e001e723 7 10978
95e16318e9354fb4a16318e9354fb4f4 15 22906
83ac95cf4b234a09ac95cf4b234a096d 10 14905
84960caa16e24fc7960caa16e27fc783 5 9635
7b4cc050d11b4cb48cc050d11b5cb4b6 8 11807
62bb5fb1e9fc451fbb5fb1e9fcd51fd3 13 20236
937e3fa3c4d84c36be3fa3c4d81c3612 11 17154
775b18aa9cd648cc9b18aa9cd628cc71 5 8007
574750b998914d0e8750b99891bd0eb8 11 17045
1ccecbd11765400b8ecbd11765300b1b 14 22057
47be14c2d34b4830be14c2d34b2830aa 13 18393
0a7bf2a6d8254f5bbbf2a6d825bf5b91 11 17167
2351d4541bfc495091d4541bfc1950f9 12 36766
2822c18a0802491da2c18a0802991d41 6 8877
46fa2f44280e44e1ba2f44280ec4e11e 9 13591
c64de9f1f47f41e08de9f1f47ff1e04a 3 5361
de63b7bd6ab64056a3b7bd6ab6005693 9 13910
a39b6dbc4a14451b9b6dbc4a14351b17 6 8780
f1fe07cfb1b3406bbe07cfb1b3306b88 7 10966
a1490c937358428c890c937358228c2c 10 14685
e61e02f4aefe4cf29e02f4aefe0cf2f7 14 21584
53a4464f2814478ca4464f2814f78c97 8 12045
5ee2bee16f804feba2bee16f804feb35 8 12169
b145fa7bcbcd44e685fa7bcbcdf4e608 3 5233
bba45f354a034abfa45f354a033abfae 7 10728
b4895874b2774d5e895874b277dd5e15 10 15424
f4963cea2174483f963cea2174b83f31 10 15288
da690b966fa3494ea90b966fa3094e78 6 9469
90682594900f4c45a82594900f1c45ce 3 5198
da8ea49488d2481c8ea49488d2381c79 14 22073
1e2d5a3eae0d4ed5ad5a3eae0d0ed566 15 23032
d51980fbfb294c299980fbfb292c29bf 7 10778
21d631f2993743989631f29937339882 10 15510
aca04f28a6a3422ea04f28a6a3422e24 11 17054
47299d97783546fea99d97783566fecd 9 13835
bd6b3ce5bf1c4084ab3ce5bf1c40844b 9 14162
be282efd7c8d4ed4a82efd7c8d6ed47f 11 17006
c24d3e79e9cd432e8d3e79e9cde32e9d 6 9266
61925cdeeeb4436b925cdeeeb4536bf6 14 21977
9f8c6ec52bd9491d8c6ec52bd9391d10 12 18741
358ec1fd5838405d8ec1fd5838c05d11 5 7975
2d302068ccb544a8b02068ccb544a8f6 14 21589
bb7b10ed01ab4a02bb10ed01abba02a8 7 10780
eca4102b74854fcea4102b7485dfce43 15 23285
203a1af3dd894aaeba1af3dd890aae17 14 21744
beaa2eb7dc244791aa2eb7dc247791b4 7 10417
ca8be51ecde148948be51ecde1889421 13 20510
649d3a230c3448119d3a230c34c81182 3 4880
0b286ae62f7a40b2a86ae62f7ac0b289 12 17982
6e828708580a47de828708580a67debc 9 13382
965eec24236242709eec242362627017 6 8913
0068a2888ec64fe2a8a2888ec6afe289 15 23791
aa8bd81a97864cbc8bd81a97861cbc38 10 15382
a3cd9e6d4a6d401a8d9e6d4a6d901a51 8 12362
3dd33e35a7bb4176933e35a7bb817694 3 5315
578ddf7b7b6848a18ddf7b7b6808a107 14 22160
0a96a313bae54ac296a313bae5cac27f 5 7440
990e49a59838492a8e49a59838492a5b 11 17044
d12d7ccced654983ad7ccced65098353 11 17210
74b227f9bdfc4f48b227f9bdfc1f48df 8 12217
9fdecf928d2f4c4b9ecf928d2f1c4bfb 13 20501
f705c3c7b9e747d985c3c7b9e767d9d1 11 17194
1bee28371f7f40e8ae28371f7f80e842 2 3787
5bc70d870bf14763870d870bf1b7637c 7 10854
4466e87386b54ae3a6e87386b5cae309 9 13594
3677f9131e0d49a1b7f9131e0dd9a182 6 9444
9d4c654aafff4d918c654aafff0d9168 7 10861
e465b7a08e6b497aa5b7a08e6bf97ac5 14 22135
8e2629f0c9644493a629f0c964249368 7 10866
6315ebd35ca649b095ebd35ca6f9b006 9 13363
82cc7422bea6460a8c7422bea6360a6f 9 13981
5b8c85b90684483b8c85b90684e83b27 1 2803
3fd5a4f961a3430395a4f961a3230363 11 16922
c43f9dea37454a37bf9dea37457a37b7 14 22049
26fda64571074e47bda64571073e4717 12 18448
655d8bd799df49089d8bd799df79080a 8 12262
67dda9b7cec749029da9b7cec7f902c2 15 22154
5756ce3c218d46ed96ce3c218d86edb6 8 12383
0fd09104562749709091045627797068 8 12465
984b07ea82664cbd8b07ea8266fcbdea 14 20801
45ce272ad5cc49748e272ad5cc0974a4 14 22027
6210fcd40fab4ed490fcd40fabced437 9 13940
e3863afeff1f4363863afeff1f536398 10 14825
78b5f434ab994af5b5f434ab991af5ca 15 23623
60050879d99e41b6850879d99e71b690 14 20955
9283dc87807b4f2883dc87807b4f2865 6 9410
d78978702dce4ce28978702dce7ce2b7 10 14764
7e1e108e47574abd9e108e4757babd91 13 20511
f904dbde081a46e584dbde081a36e5d5 11 17058
e5b44a9882854265b44a988285f265e9 12 18696
a9f06ca3f7014d7eb06ca3f701dd7ed0 11 16430
cbbed1bf29c9496cbed1bf29c9f96cbd 14 22049
376d7e93ca614059ad7e93ca61b05949 8 12465
c7b226cc8f594b7ab226cc8f591b7a6d 14 22079
51c89242b584441e889242b584641e84 10 15446
4cdc8ab957b744e69c8ab957b7c4e696 12 36999
87afc29cf0ea4cfeafc29cf0ea8cfe51 6 8631
02191995e8c949b1991995e8c969b1b8 15 23651
d21370fa4da64b019370fa4da69b014b 10 15577
121616ccd5464aae9616ccd5461aaef2 14 22041
cf87f5e89d2f490987f5e89d2f490987 4 5441
d2fcca41254c4bbabcca41254c2bba7e 14 20989
4a8740177afd46908740177afd369006 14 22192
9f3fa0b46a074fa9bfa0b46a07bfa9c4 13 20356
2ca97ae2b21d40e7a97ae2b21d50e7e4 13 20510
351853f057bc46979853f057bc1697fc 11 16859
ba8d623bf257428c8d623bf257728c87 15 22763
a956a3abc2f3484496a3abc2f3384441 12 18238
b68c3640b0654fb08c3640b065cfb0f2 14 22143
4ea1de6765664069a1de67656600692a 13 20159
d4d3efd17973475493efd17973a754e0 12 18681
7444000a96d4456b84000a96d4256b98 8 11194
ab1cdd3a42cf41879cdd3a42cfe18795 3 4879
01bfb7c5aed6435abfb7c5aed6f35a8b 9 13787
7160785e282e467ea0785e282e667e67 8 12355
912492f803fc4f26a492f803fcdf2663 15 23775
156cc6835c0441adacc6835c04b1ad04 12 17864
3468b443b1504299a8b443b15022995d 9 13964
7703f7abc21c4e1d83f7abc21cbe1daa 15 23122
17cc8233b5624e768c8233b562ee7616 15 23393
a350958e3e3e47c890958e3e3e27c814 6 8694
110929c2156148428929c215612842e0 5 14640
ef9058fa8dea4eb89058fa8deaeeb8f9 15 23927
fec4ef547dfe456e84ef547dfe356e08 12 18502
c74fd5bfe9ef45628fd5bfe9efd56283 1 2899
c27d46f33fbf4074bd46f33fbf6074ca 8 12313
3a42544e662d4f4082544e662dcf40ce 10 15444
875080a7c0da4ac09080a7c0da1ac0e0 10 15301
2b299fb77c974524a99fb77c97b524a6 13 20089
ba4e962aa12642fa8e962aa12622fa0e 10 15517
ad2553f9cb36439ca553f9cb36d39c1d 12 18158
931a2b0817a645dd9a2b0817a645ddcc 14 22104
1973b172b3b04a69b3b172b3b09a6925 7 10762
4921742cd62a429ba1742cd62a229baf 2 3767
57b38473534b4994b38473534b6994c6 12 17913
67e7cc7091004487a7cc70910084879d 10 15421
a165708813e746dfa5708813e7f6df80 13 19991
b6974743959b4753974743959ba753b4 11 16644
9770a06f27ff458ab0a06f27ff958a4a 11 17205
92d2c0bee54b463492c0bee54b2634fa 4 6181
81f62418cd204579b62418cd2085790d 15 23221
092046c164484a5ca046c164486a5cd2 12 18363
fd947b0dde794ee9947b0dde796ee931 9 13919
96f34cf5f62745b2b34cf5f62765b2b1 11 16920
5868f62c49164c62a8f62c49165c62da 13 20615
