2cf7a7326cf649c2b7a7326cf6d9c2fe 12 225
aa5468600e26454e9468600e26f54eec 15 31
97a0d21048ba46e3a0d21048ba06e361 13 115
5c595b56f42d4825995b56f42d282585 12 90
1d7da3aa4da84e8cbda3aa4da8de8c5d 12 68
1d77d41278bb4dc5b7d41278bb0dc547 9 201
c2ca2393fb934e6b8a2393fb935e6bba 9 31
dad12d1ac5f8424e912d1ac5f8a24e8d 13 42
bc2a9451ae6c4849aa9451ae6cb849e4 15 236
3632918f5bf1423ab2918f5bf1823ad2 11 112
641bd5161f1c4ae79bd5161f1c0ae7cb 2 39
da2917c196bc4c7aa917c196bc6c7a6b 9 171
9de5ca5068864d42a5ca506886ad42fe 7 137
71ae76e4e9f74fd3ae76e4e9f78fd3a1 13 44
480cbc5e06b740628cbc5e06b7806295 10 225
295f140107104b879f14010710cb8746 9 84
9017c54e41624bd897c54e41629bd82e 15 236
bc6e66efb9604ef4ae66efb960def4ec 9 40
76a8f9cde32840cea8f9cde328f0ce28 9 133
944eed8a4fc144008eed8a4fc164000f 7 109
bb9ca67ce7a64d8c9ca67ce7a6bd8c82 13 272
6b992653342b4a0c992653342bba0c5b 9 68
75a3391c5ace41e7a3391c5ace11e7b7 12 221
9c58d0e04c05466498d0e04c05a664b0 6 133
1c344540b196412eb44540b196e12e3f 14 67
748af12a3cb24dca8af12a3cb27dca24 15 256
8b364591ef1446dbb64591ef14b6db8c 11 259
7523f9a35e7844fba3f9a35e7814fb76 13 287
d20b98ad60bd4ec18b98ad60bd0ec1fb 13 82
9439495ab9884604b9495ab988d604f1 12 104
0791ed0d9d2b40ef91ed0d9d2b60efaa 7 78
e7eddec593e743abaddec593e783abf4 2 39
58e0b084924445e5a0b084924475e5c0 7 70
b96fd085cd384a75afd085cd381a7588 15 295
a24ceb9456d8492e8ceb9456d8692e85 7 100
dfadee8f13294d3cadee8f13295d3cd0 8 38
90d5390276844d7c9539027684ad7c9e 14 170
5856bd03205247f896bd032052e7f8bf 15 166
e731f22a9113477ab1f22a9113f77a21 12 174
fb4d29dfc1e646f88d29dfc1e6e6f816 15 256
40365cf1ada24ecbb65cf1ada23ecb2f 5 113
65f7b6f55a9c41d9b7b6f55a9cd1d9ae 5 94
1f192761d7584ab2992761d758dab2fd 14 65
69ef6c094ffb4e35af6c094ffb0e35ed 12 227
77c906adfe854a548906adfe85da54ec 5 38
268e3ab0df3542a28e3ab0df3582a2ea 4 27
5be8aa97fd184545a8aa97fd18a545bf 10 29
f419b98504e3477499b98504e3c77461 14 222
f02f27f8ff6e49b5af27f8ff6e19b517 2 41
879ec73d7261485b9ec73d7261985b4c 8 43
adee59ddea9c4ef7ae59ddea9ceef796 6 43
bcbc068326874fb7bc06832687cfb7f2 9 27
b437b72ed14342f8b7b72ed14362f830 11 41
f7b86eb538a441f5b86eb538a4f1f50b 12 165
822e2c5628174dddae2c5628173ddd6d 6 28
7135d030f7fe460db5d030f7fea60d1d 9 168
7d61d4c41f434342a1d4c41f43c342fd 7 114
4d716f42584346f1b16f42584306f143 12 107
e492158749bc491792158749bcb917e6 14 199
76f92f180e75489db92f180e75c89d69 11 162
2ccb69fa55914cf78b69fa5591ecf727 7 131
c5b7391af21c4418b7391af21c5418ba 8 27
213f42772bfa4876bf42772bfa9876ff 8 91
a44fbe590dd947fa8fbe590dd9d7fa3e 7 79
9afe9e07660f4bb1be9e07660f8bb116 14 223
a1c6777ea31c4a6686777ea31caa6648 15 169
56f82c328764436eb82c328764636e74 13 27
44ce41ad9ebf49958e41ad9ebf599568 12 203
3a0909a93406462c8909a93406562c3e 15 97
4fcd14fad38f46888d14fad38f568821 12 181
6fa62677a6034940a62677a6032940e9 12 44
5f351b586bb14b33b51b586bb1fb3343 15 242
f720f32fa04a4faba0f32fa04a6fabbf 15 194
8be546d4b089451fa546d4b089851f2a 10 54
672e530390ed4b4aae530390ed6b4ac1 13 122
81ab3867c5f04a57ab3867c5f0aa5756 4 33
878f72c5cc6048508f72c5cc606850ac 15 79
ccb38c8b02074acab38c8b02077aca2c 12 160
d5421d6d21cf45bc821d6d21cfe5bc4f 5 65
4d2cef31bb2f430bacef31bb2f430ba1 9 97
96542e7d84aa4ba4942e7d84aa7ba41c 14 88
4109fd209a734af589fd209a735af5c0 13 96
f87b2077214a434bbb2077214af34b6a 8 139
93be1acabcf84753be1acabcf8a753a9 10 153
e77ed2bad1714acebed2bad1712ace96 14 99
7e3743386aa544bab743386aa514ba60 12 238
c1e03ca556694515a03ca55669b515e2 12 48
6465f3e7b358425ca5f3e7b358f25c85 7 39
a325a4c35c884901a5a4c35c88b901c2 12 31
42b81777349649eeb81777349649ee21 15 292
c34f51e7667b46a58f51e7667b86a5c9 7 126
f2dce6521aec47ec9ce6521aecf7ecfc 7 50
d1c4fe656a0b43aa84fe656a0b63aa48 10 59
06634af4dead4ec0a34af4deadbec01c 14 164
3032e1e8626e47c8b2e1e8626e37c820 12 110
e9cec47ec23e45d28ec47ec23e95d22c 12 88
37c382cae1784dc78382cae1786dc7dd 12 213
8d852e150bdb405d852e150bdb005daa 13 155
b2166618258a4e45966618258a0e4500 12 287
9646f84aeeb14a5686f84aeeb1ca568f 14 205
072f1f6b683c40bdaf1f6b683c30bd05 13 188
68d0a5ebb5e742c690a5ebb5e7e2c6cc 10 163
1e78d750b4964bd3b8d750b4963bd3d2 9 129
be186d9404074bf7986d9404071bf714 7 90
28c9dc422228411489dc42222841143a 14 117
8c38b2a52896450fb8b2a52896150fda 12 85
3a251510003d42b9a51510003d32b92a 2 27
6d133712691740a59337126917f0a58f 7 108
2ebf3e9c437b45d9bf3e9c437b55d9a9 14 102
b8da8925c1e0498d9a8925c1e0598de3 10 125
43c3f294d6de489083f294d6de88901d 15 37
7d3ce6435bfb4088bce6435bfbc08873 3 90
eb6be98f3b914f99abe98f3b91bf99b3 7 147
f4511b07451f4ac0911b07451f3ac08a 14 72
b42b5cd77f4e4d6cab5cd77f4e9d6c57 7 123
70902a245d0a458a902a245d0a458a38 13 88
9ed77da5e5a24bc6977da5e5a2fbc6ec 12 29
3fa5ae9d89ff4690a5ae9d89ff0690b2 4 31
5afcf66338a34f65bcf66338a33f65a1 5 76
0120169ad3804719a0169ad380071975 12 125
de03d1cbf4d44a3983d1cbf4d43a3971 13 120
c65ef871005b42129ef871005bb21294 13 26
4d7f605b73db4a84bf605b73db2a8458 15 74
2817f846ee2a435a97f846ee2ac35add 4 47
ec1b8e752c0248a09b8e752c0258a0e0 6 40
c11c15c92ab8434e9c15c92ab8f34ec9 13 250
c62b0b979f8c479cab0b979f8c679c94 15 151
4ae050a4471a44a7a050a4471ae4a7ec 12 150
bd532fa9958242e8932fa99582a2e8f8 15 306
0e073c6058a44655873c6058a44655e3 15 332
ce2817da3fa94fd8a817da3fa9afd842 7 142
7bfb6e6e4a134e6dbb6e6e4a13ee6d59 12 200
138d53eb5934460b8d53eb5934660b4a 11 178
c9fbe3c27e3c4af4bbe3c27e3c4af430 14 128
8d860a2640ca49fd860a2640caf9fd6b 11 73
fbd947840dd34fe39947840dd31fe3a8 15 269
d20c51c923fa49128c51c923fac912bf 7 144
9be7fecba7c94c3ba7fecba7c98c3b1e 13 213
d0a51b4806414cf3a51b480641dcf3b5 15 34
aed9382a4d0a401f99382a4d0a501f21 14 259
bab2ddee6fe548b9b2ddee6fe5a8b94d 13 214
60d11d7a76a845f1911d7a76a8b5f183 13 162
9ec60865194e44fe860865194e64fef7 12 135
f94f6901d47140838f6901d4711083b9 13 175
784f6287ac0f40af8f6287ac0ff0af6f 14 199
648169ae4f5941108169ae4f595110d9 6 54
22053b76bd174a26853b76bd179a26a6 5 93
909fb08f819941219fb08f819941216b 15 74
17a85ade754e4db2a85ade754efdb201 15 160
206e969aea5e4be5ae969aea5e3be5fe 11 165
2eb0ed5a330b43bcb0ed5a330b43bcef 11 131
ae55695e0686496295695e0686796263 11 118
e79c81bd0a6148899c81bd0a618889be 12 186
8c83897777ff4a6b83897777ffda6bf1 9 117
13dc8465a89441689c8465a8943168ec 9 120
0733208a220e4c90b3208a220e8c9028 5 29
fdfc354c7559475fbc354c7559e75fad 15 35
6519f388897e439199f388897e83916d 4 38
7b10edd2bf1f41da90edd2bf1f61da2d 14 278
cfba0802e1674952ba0802e16749529a 12 53
bcf9e1f67c1a4877b9e1f67c1a1877a8 7 63
57574e50fe884109974e50fe88b109db 13 241
a3a358f99f3145d9a358f99f31a5d9df 8 159
508cd5bed8e545418cd5bed8e55541f8 12 241
554dd29129704fa18dd29129707fa14b 12 214
d3699f2fee0b4894a99f2fee0b989406 10 193
698fe063e13d40928fe063e13d809281 14 156
2df4c672b52d478ab4c672b52d378a17 10 172
5fe36596bfc84887a36596bfc858879f 14 152
4b8170e9f1c54c628170e9f1c56c62a8 14 67
0101c6310791465781c631079116575d 6 110
eaec3163e01c4d40ac3163e01c9d4091 6 35
eb8233704c5e430d8233704c5e830d11 14 33
6ba54544557242e0a54544557232e0d1 14 152
6755d3b984474a3a95d3b98447aa3a55 13 79
066909e8485b4d6da909e8485b3d6d21 10 42
4a4be02d4e5448a28be02d4e5448a2da 5 107
8c9b83bf2cae4b9a9b83bf2cae4b9a1c 4 75
b983e0a848d4409583e0a848d40095d5 8 106
1d64d3c420c24156a4d3c420c251569d 14 256
34d7af755ec2413397af755ec211337e 7 36
674156887485433d8156887485733d1b 5 79
a6604edd12064c97a04edd1206cc9759 6 126
992fb0f3f661431aafb0f3f661831a4b 7 122
8ca237c079c74cb9a237c079c74cb9ec 10 138
a3a846f2e6d64226a846f2e6d6c2260c 15 52
8b3ea09abab04f22bea09abab02f22d6 6 29
e4cf963a06304c568f963a06302c56df 12 196
47ace5f2ec594284ace5f2ec59628413 14 236
2e2668a3113b4eeba668a3113b9eebb3 14 296
ffe76983400843eca76983400823ec6f 10 66
e33242df640f4720b242df640f272001 7 58
2c89d3295478475889d32954788758ee 15 208
4c160a54fdee4394960a54fdee439410 4 74
1bfc55516b494b9fbc55516b49ab9f0b 7 106
13f9019f118c4ecbb9019f118c2ecbf0 10 207
bcf00e3e45d54fbbb00e3e45d5ffbb06 14 78
2589bd4a23e6454689bd4a23e6954692 11 205
702dbb914fbf4d58adbb914fbf0d589f 14 177
4088b80297d04ca588b80297d04ca526 2 30
78f000ca00ba4610b000ca00ba761093 3 49
5905fede36ac472585fede36ace72533 2 23
8f1d4ce4a6844a019d4ce4a684da0120 10 101
56c45a93c28246f2845a93c282e6f24f 9 102
41b0db7731b245efb0db7731b245efd8 11 155
167f9d9c05f64bffbf9d9c05f6dbff13 10 26
802caac8fa3642caacaac8fa3672cabd 12 297
a4b687be0fe248e8b687be0fe2e8e812 11 27
240b7a1b4b8a44d18b7a1b4b8a94d12e 10 141
c555d8c1e59342ed95d8c1e59302edbc 6 87
0861b11abcc54830a1b11abcc5683023 11 189
82d352f5b8c642e89352f5b8c6a2e82f 6 77
ce96e3771a3043fb96e3771a30a3fb3a 8 149
339bbed3b4ff4d8c9bbed3b4ff4d8c85 13 110
408744bdb2e34c848744bdb2e3ac8465 10 73
cdf0ad9597a94d31b0ad9597a9ed3165 13 95
2622311ccf7e49bca2311ccf7ef9bc6c 4 81
3124c48847ca4c50a4c48847ca9c50f6 14 340
167c8d00bde843b1bc8d00bde873b17e 11 118
c841b5d032134efd81b5d03213defd5e 4 63
0a7193f2853040e1b193f2853070e1d8 4 40
ba2d8b3e84d941c4ad8b3e84d9d1c445 14 96
c4f00ce95a094699b00ce95a09c699fd 13 179
812e945bf7df4a00ae945bf7dfca0059 13 183
0310b4901b87431e90b4901b87931e18 13 172
fab0fc2f66014573b0fc2f6601257364 14 205
6322002d7ec74ce9a2002d7ec7dce913 10 163
1a0910b5c3e540168910b5c3e5501630 13 40
f9d29bb8af4b4d62929bb8af4bcd6250 15 129
3716336d16cb4c1a96336d16cb5c1af9 15 38
fa8eb92d205142078eb92d20519207dc 11 54
6f841c7dbab849ec841c7dbab879ec3f 10 161
8e35c621c86e4c17b5c621c86e6c1740 10 110
c73c29238e564b4abc29238e562b4a9b 4 91
1bdced75f94c4fe59ced75f94c5fe51b 9 150
b4b983a8fecf4335b983a8fecfb3350c 13 29
45c204d9653548f28204d9653538f210 15 50
3ffa9bc357de489eba9bc357de989e53 11 71
626ddceea0a04a13addceea0a03a139e 6 101
988374d467f743a08374d467f733a0a6 15 111
d87db663ce8343c0bdb663ce8363c091 13 161
aada65286e5444fe9a65286e5444fe03 13 99
b294906f3fa84e5494906f3fa86e54d8 11 96
6bb41fa46244497fb41fa46244097f9f 11 163
2c745248241846d2b45248241886d203 14 91
eaa306f46fe04c91a306f46fe01c917a 8 116
56f005e6312b4bd6b005e6312b0bd636 15 247
2ddf9867e7d84fa99f9867e7d88fa996 5 22
6e7cf4f1d2e34755bcf4f1d2e3b755c9 15 181
6edb6823d2a843b39b6823d2a8b3b3d3 11 73
8f5d58e8555446cc9d58e85554a6ccfa 14 123
226a85e608fe4cd7aa85e608feecd7a3 5 74
88682920f0b7429aa82920f0b7929a41 11 114
c5f8fe18ee504024b8fe18ee50f02489 1 229
c4242b1b113b4d98a42b1b113bed98d6 13 128
d0fb46fe72184b28bb46fe72181b282f 5 49
f096e811918d424e96e811918da24e13 14 142
28818aa460a14cba818aa460a1ecbad5 15 192
f4078e2555614988878e255561b988f1 13 270
6e3ee8cc58cd4e2dbee8cc58cdce2dc4 15 284
3c384e16bcc54263b84e16bcc5626302 12 26
941f3f604a13476a9f3f604a13d76a6f 6 48
393d550830194f40bd550830195f40fe 13 52
df46b9c107744b4586b9c107746b4582 6 59
7b471b089ef247ee871b089ef217ee87 11 86
90a7a65e54e347b4a7a65e54e3d7b40b 14 85
8705e4c623784ac585e4c623787ac543 15 56
5ad7e63dfb67460f97e63dfb67560fe7 14 113
46b9d745b5054c6ab9d745b505ac6a25 5 34
b3d644e560e844ee9644e560e814eea4 6 85
761d8125342749bf9d8125342789bfe5 8 154
06b66edb93c54d29b66edb93c5bd29fa 10 30
bbed69847dea4649ad69847dea764999 7 93
fd158fddfa634e8a958fddfa632e8a23 10 166
6f5502b581f14b1f9502b581f15b1f34 14 207
a2be2dc142ac476cbe2dc142acf76c82 11 55
a0d3503f01cf406693503f01cf206627 6 105
6a3c1cdcdff94c44bc1cdcdff98c4493 15 106
900136ed064045458136ed0640d54542 12 169
08025ec7427c4a88825ec7427cda8818 9 86
d14313c534c649488313c534c6e9480a 12 116
3b1169f868e846119169f868e8861163 12 56
aea40923b0854282a40923b085328235 6 26
0c3fba3c4e5d41bcbfba3c4e5da1bc5e 9 82
29ee695a4d804ae5ae695a4d80eae57c 9 45
bd0ce0423ae74a928ce0423ae7aa929f 5 73
a829b9e5dc274a89a9b9e5dc275a8931 1 30
f7b69027a9cc4950b69027a9cc195076 12 264
445c1d64e9804b199c1d64e9801b1955 13 173
0eb88bdcd8dd4936b88bdcd8dd8936dc 11 42
675c0c08b63340139c0c08b63320137a 13 78
e83bceea9baf4194bbceea9baf2194e8 7 28
c1369912c1374163b69912c137016369 9 144
0030f6b37f6e41a7b0f6b37f6e31a7b6 10 85
eb252215d6be4388a52215d6be7388f4 15 144
8070c7510792421fb0c7510792921f3b 8 168
0d0f29e8cc3244f68f29e8cc3234f6ca 4 76
2bb24d3145cb47d3b24d3145cb07d3a8 10 143
f4613ac2daa64a63a13ac2daa6ca6326 11 235
7de7362c883e4599a7362c883ea59941 14 47
f8a1878dee264d49a1878dee266d49d6 9 188
b60a6df42fa94a0a8a6df42fa98a0a6f 12 71
735630752a6b44c19630752a6ba4c17e 11 208
c6469879bcca477c869879bcca477cf7 5 81
19ab177f30694ed1ab177f30697ed1f7 13 180
17bae4079da34d8cbae4079da3fd8c7d 12 54
f896c7bec1c2461196c7bec1c2761162 9 160
4995472fa2ea4f3e95472fa2ea0f3ec0 8 40
f23a9f6b4a7b41b0ba9f6b4a7b71b089 9 131
af9b8c22868d45079b8c22868d05071a 3 24
43317679ebdd464cb17679ebdd864c8a 13 226
d637ced995184de9b7ced99518fde900 15 271
1ee90d2f417d4a74a90d2f417d6a7481 13 251
b328b52171364484a8b52171366484bd 14 304
6d06bf3806484a3486bf380648ea345b 15 255
63fdfb9062bb4ab7bdfb9062bbaab777 13 67
69d74457a54d46ee974457a54d16ee7b 15 211
aca784a458544cd4a784a458546cd4f9 14 312
ab9c2918aff948bf9c2918aff928bfe7 15 213
da91fc38ee864da091fc38ee86eda026 14 265
7d43ea01af8b4a4783ea01af8b5a472b 14 266
ca26784929b04716a6784929b0b71676 6 83
6a1f4fe8db5746c99f4fe8db57d6c98d 15 210
e21cced359cd459a9cced359cd759a9d 15 235
1bc10972f9264896810972f92638969b 8 120
5fbc9d1b37a148e6bc9d1b37a1e8e61d 10 205
a71f2bccb0b04d089f2bccb0b0fd086d 6 105
0f4c6f1160e942f18c6f1160e922f11b 4 22
34096040dd9049f3896040dd9059f344 3 62
b3b5fdfc9c6b4e9bb5fdfc9c6b5e9be5 15 86
b4a0686fce054678a0686fce05a67823 6 41
8036e80491864b1ab6e80491869b1a1e 3 60
1018c0979d08401298c0979d0810128c 6 88
2b5d0956d7c5484a9d0956d7c5d84a58 1 32
04c07483be4142b5807483be4122b58b 9 128
0b936db44ac0499d936db44ac0c99df6 13 165
6b015292b89b4c4a815292b89bec4a64 15 93
3922045de2f14e51a2045de2f1ae5141 9 139
4851351e6af24f3f91351e6af2af3f43 13 111
9fbe82ce29db4c3dbe82ce29dbbc3d77 15 245
660e9557f24941de8e9557f24931de0c 9 74
d5e3f112702141f7a3f112702101f781 13 28
4011edf1ec3a4aa691edf1ec3a8aa630 1 25
a8991a2c724e477e991a2c724ee77ede 2 24
de89818cd1d3429489818cd1d3529430 8 49
c3fb44e72f284a7abb44e72f281a7a24 9 87
495a080522f145ca9a080522f1a5ca3c 5 71
e13a3c2b40d3403bba3c2b40d3d03b13 1 31
442bf1e53d3541f2abf1e53d35b1f217 12 187
5df3f74fba534decb3f74fba533decf4 6 100
dce941f05f644286a941f05f64b286e0 2 37
1e368da186274bd7b68da18627dbd705 13 44
0f9bfcccd12a499d9bfcccd12a999d1a 14 119
969ced57ddce492b9ced57ddce592b56 14 229
5e392fa4fd7d401cb92fa4fd7da01c3d 13 223
e484ddcc27cc409b84ddcc27cc909b22 11 221
57b20da003254e45b20da003252e45ed 5 25
4fcf433f555240798f433f5552907995 13 64
936fb92782cb459bafb92782cb259b7c 13 120
38492d3ab8c24a80892d3ab8c23a80c0 15 115
6edb29a4bc9a432a9b29a4bc9a532a12 15 298
731ed97379f444f59ed97379f494f5b1 8 169
080ac61cfb874e908ac61cfb87fe90da 14 89
de27ae8add4c402aa7ae8add4c002a44 14 139
0e21c80a130f41b3a1c80a130f81b3df 12 139
49d0c1b5624b4d9790c1b5624b0d9713 11 73
76ef971f339842a8af971f339892a8af 11 172
2763d8d0e8224695a3d8d0e822b6950d 5 51
7fb3a68b93f34447b3a68b93f3544795 12 202
3cde84ab21674c0b9e84ab21671c0b7a 9 59
7faa9eaa69544bc4aa9eaa69547bc4ac 11 170
6a5c8f6b2ab64c079c8f6b2ab68c07e2 9 188
575c0d024d68445c9c0d024d68745c6b 14 196
a476941d0b2c481eb6941d0b2c281e4c 14 33
49d93b0a2e114593993b0a2e113593a2 10 116
0cf23073779447d8b23073779427d838 11 29
eee1df16c7b340b3a1df16c7b3d0b385 14 124
13e426e991414de6a426e991417de69f 13 262
6673600d1552491ab3600d1552291aa5 14 222
e95e88b8ba0a41369e88b8ba0ad1365a 9 56
d70e046150f843548e046150f8e3549e 15 282
7c0b661cfdd04afa8b661cfdd0dafa60 7 132
90431adfa0ee4b4f831adfa0ee4b4f07 10 64
1f991ea3d8254be7991ea3d825fbe736 4 61
27272a42aca84e26a72a42aca8ce2693 15 166
09774944d03e4407b74944d03e340795 15 171
6b50f7ea14024ae890f7ea1402dae8e6 11 180
015e8ddf9a4c4e4e9e8ddf9a4cbe4e4c 12 126
bd4bc9f521094a4f8bc9f521098a4fc8 3 63
ba2a766c2d1940a1aa766c2d19e0a1cb 13 138
2357fca111bb452c97fca111bb352ce4 7 23
3f6c1f30756b4fddac1f30756bdfdd4e 2 31
321fe7fcd9a54f819fe7fcd9a52f811f 5 38
a4d3d3434b69408093d3434b6970804e 14 116
5db4c62082464a42b4c62082464a4213 12 74
6854d3c5698f41b994d3c5698fa1b9f7 11 220
7f8c9954dd5149e38c9954dd5159e30c 13 167
9b1ce3dd1b7a46f99ce3dd1b7a16f94b 12 29
356fc202966446b4afc202966466b4d0 11 153
05b3015739924c39b301573992ec3949 13 29
6a99424a852e46e999424a852e26e910 14 259
52ce1493c941400b8e1493c941d00beb 15 118
2fd8a035e0bb4ded98a035e0bb9ded97 14 309
bf5139ff327b4aae9139ff327b8aae6f 9 107
28623cea30554237a23cea3055c2377b 12 143
1f2656c879a84b10a656c879a8db102c 10 127
6c32c74af80448ebb2c74af80488ebfc 12 71
7ba1d5ea337841dea1d5ea3378b1de9e 12 38
065f2f506e72440d9f2f506e72940d59 14 248
d4ddbac6835b49dd9dbac6835b39dd00 10 112
865c7276e1854d3a9c7276e1857d3a88 14 235
3b5576c05b6146b69576c05b61a6b6a2 14 240
57729e6c3f4e434ab29e6c3f4e034aba 14 235
c1b25b343a3844a8b25b343a3864a8d6 13 182
e3de680e89a049359e680e89a0d9358e 10 170
2636562a43f44ad9b6562a43f46ad9e0 10 244
f987d86ca6594cff87d86ca659fcff24 11 102
ad30c92be2a9475cb0c92be2a9e75cd4 7 42
a098cc25609e4cee98cc25609eecee34 14 29
d1e627a838024464a627a83802946463 9 108
0a0be4d2a4c845c48be4d2a4c835c423 9 128
ede10fe30a92480ea10fe30a92a80e94 8 42
fa5ba046718743379ba0467187033706 15 117
5ddff7ce14cf425d9ff7ce14cfe25d33 5 94
f1332b59be7a46f7b32b59be7a46f7ac 12 43
0bc78f2987f04a9d878f2987f0da9d2e 15 144
c348d6a78dbc4fa688d6a78dbc6fa6ed 8 124
4dcf2a1db209476c8f2a1db209b76c8f 11 28
9913a8ae9ac34da593a8ae9ac3dda5c4 9 144
548844222853418a8844222853c18a0d 9 224
2e16a5d5d67f48ff96a5d5d67f08ff31 8 135
58a67240031f452da67240031f252deb 12 214
72f55e541c2b4a52b55e541c2b7a5276 6 57
18ebe8c597e2478fabe8c597e2978fab 11 200
b0e7c154f8574585a7c154f857b58581 12 103
d64b3855560c465f8b3855560c365f98 5 38
23f0957b17e042dab0957b17e0a2da96 11 244
635dfdab0194438c9dfdab0194338c6d 8 43
5afaa9603406499ebaa9603406c99efb 11 28
43684d2d5fa943cfa84d2d5fa9e3cf31 13 233
837d6cecf9454dfcbd6cecf9456dfc43 12 249
f58e0ec56a78454c8e0ec56a78554c3d 9 116
c475e351b6d342a8b5e351b6d3f2a8c1 13 77
a7ed043af2f247f4ad043af2f2f7f496 11 30
d8f4230222044acfb4230222046acf35 2 43
bce3cb48260f4839a3cb48260fc839ef 13 142
c455a5619ccd42dc95a5619ccd92dc83 15 50
0729ff2fa20b48c1a9ff2fa20b08c10a 5 83
2870d162480c4003b0d162480cd00362 4 53
21c286f7ab1646518286f7ab16e65135 15 135
c56ae148464b4445aae148464ba44514 15 293
2f99fc7011e9498c99fc7011e9098c32 10 133
1911039a1491499b91039a1491199be5 14 367
f38f3677e07f41148f3677e07f81149e 7 115
381e361dc5cc4a9b9e361dc5ccea9b07 12 98
f83cc2ad8a854d44bcc2ad8a85cd448a 10 184
4a1322f85f0f4e589322f85f0ffe58d5 12 26
86ec5dce90154bccac5dce90159bcc2b 13 254
4443f0de31be435283f0de31be635265 6 40
7788d22740d34f2d88d22740d39f2d0b 9 71
20eb99a2445e4bf1ab99a2445efbf132 7 49
ef2ec0366cd0419daec0366cd0a19dbb 10 135
844c9901403c4e9a8c9901403c5e9adb 13 105
db4c0652a19d4c5e8c0652a19d8c5e1a 8 75
c8bd0c9691894525bd0c969189452545 11 211
42cae857d05e419c8ae857d05e819cd1 4 102
33d65ad7454242d9965ad74542d2d9da 15 291
cdd42a0c131847ce942a0c131807ceff 14 201
650bc53ce4e340c28bc53ce4e3a0c255 15 203
d52253e5c1344ae0a253e5c1340ae031 3 33
1960cfa518c14873a0cfa518c1a873ee 10 209
07370efcee174e06b70efcee172e06e3 12 213
1660fcdac0b84a32a0fcdac0b83a327a 15 319
63760f70f6f74484b60f70f6f7b4841a 11 97
5e1d04197c294a7b9d04197c296a7bb3 6 73
2aec1160d6c14ddcac1160d6c1dddc47 9 133
818329ab737846228329ab73780622ae 11 224
cbdb8f01f084441b9b8f01f084541b77 9 43
f805881757c84ebd85881757c81ebde4 6 68
bfd86ad7c620420c986ad7c620220ca2 15 285
26533a023f8f4b17933a023f8f6b173d 10 99
d2c3fd4c918446d383fd4c918476d3c0 3 43
c9e95a3ec2ac484ea95a3ec2ac384e51 15 101
737d2a552c4843edbd2a552c4883ede1 9 185
b46ba4b0166e4f2baba4b0166eef2bc6 13 34
015ef8f8898f4c2c9ef8f8898fec2c5d 13 148
f12a78e0c48a4bbaaa78e0c48abbbac3 4 72
6c626ea98c774cd6a26ea98c777cd6ec 5 28
cdcc45330e544bc38c45330e544bc383 9 100
6f41b71fa44345fb81b71fa44335fb94 6 91
68b8dd6e37204a74b8dd6e37205a74c7 5 43
da806a16c419400b806a16c419c00bf4 11 102
ced9e2eaa399475b99e2eaa399675b5a 13 179
1af11b5d879c4b5db11b5d879cab5d28 9 167
8d7d69480d25482dbd69480d25382ddb 8 111
2caeb1b96cbe4201aeb1b96cbea201dd 14 151
b3728734a05b4cbbb28734a05bccbb42 13 158
bfbebd0843e84de8bebd0843e8dde8ab 14 131
760128e1dbe948cc8128e1dbe968cc44 4 31
4e81c4272ef6404981c4272ef6504970 9 44
49f0aa49c6e4498eb0aa49c6e4898eda 12 57
5956c0aaeb0f453496c0aaeb0f75345b 12 43
b6001fe9c5024930801fe9c502d9302e 8 57
d6bfb29852094f62bfb2985209cf6283 3 29
da839f39f8974429839f39f89794299e 3 50
860e096157d240688e096157d2f0680a 10 35
a1978b07d0e44f5b978b07d0e44f5b33 2 23
56fab87f9fcd4ab6bab87f9fcd6ab629 14 208
dc19bb65e2dc4bfd99bb65e2dcfbfd4b 4 45
4835a36868034e92b5a36868034e92d6 15 266
a36cf4dc27974d4eacf4dc27975d4e90 15 67
3dcb15c4573a46d48b15c4573ad6d42c 14 168
ae7d30dddef54780bd30dddef5e7807f 9 74
c1bf4d3cac504c6dbf4d3cac502c6d12 13 75
b5a7611551f24d7aa7611551f2fd7a76 13 129
0bafa7c1ace142ebafa7c1ace142eb7b 7 26
76673179a7ab4486a73179a7abb48639 7 29
7565ad70529d4934a5ad70529d99344d 14 42
71c8e0638e67408f88e0638e67e08f6f 4 81
37db0084df594ef79b0084df593ef7f6 11 152
6159b0ec46f94f3999b0ec46f9cf3907 15 249
3e155831b0484c98955831b0481c9842 13 125
4b405ed66ffc46cc805ed66ffc76cc89 12 161
a13b4e32ad984f8fbb4e32ad988f8f0b 6 124
4974c9ce8d754500b4c9ce8d75b500b1 14 94
76542008477f4bda942008477fdbdae1 9 157
b7445e6825574de7845e682557cde78a 15 37
5c1e299a0c5740109e299a0c57c010f9 7 131
ca05a871ad584be585a871ad58bbe5ae 11 150
94f0bc13d62948c3b0bc13d62908c34d 5 51
5d31ba35a1834c99b1ba35a1835c99d1 11 75
b8be28e804f14d35be28e804f11d35d3 13 162
c0bb5df0a4074cbcbb5df0a4074cbc15 12 64
d5a3b5dca8c6480fa3b5dca8c6080f1f 13 245
0e929e2e0b1f437a929e2e0b1fa37a9f 13 31
85e9543533024aa8a954353302faa86b 14 233
e7c269d08d794aa18269d08d792aa1ea 15 93
486fe37838ca4a3dafe37838ca5a3d37 7 87
23df0394ad4e4e449f0394ad4eee447f 6 85
6e4abe1382cc4d858abe1382cc8d85dc 7 173
4de81411eeeb4d03a81411eeeb9d0323 12 70
1ca3e0d52f8d4b2aa3e0d52f8d2b2a47 12 121
c7dc7f63727946749c7f6372795674fb 8 53
e64c9fa55ed04a968c9fa55ed0da96e2 15 304
44b494c7b6ce4d91b494c7b6ceed91d3 14 240
5d9fab99ad544f2b9fab99ad544f2b94 5 101
2add26e558f242799d26e558f2927994 5 26
08637d6f3aa640aea37d6f3aa630aee2 7 108
38d6865b11a7420596865b11a742059f 14 171
8075f9c07d714574b5f9c07d713574c5 8 27
22f947db5ca94d9eb947db5ca91d9e40 12 195
f9f36fc63b124d93b36fc63b128d93a8 5 27
554817c18fc541d28817c18fc571d241 12 196
59b4460a68ee4dbab4460a68eeadba95 14 64
60e9c5de89d14658a9c5de89d136587a 13 45
be63ecaefe6049c1a3ecaefe6059c143 10 86
2b79f909fd0f4c01b9f909fd0f0c01e6 10 40
0c9166987ae04d1b9166987ae0ad1be8 10 86
b5a1b3aacc3749b8a1b3aacc3749b8bb 8 85
f0f1f62f4f454706b1f62f4f455706d9 13 113
bcf7aee90a484c68b7aee90a483c6826 9 145
fb415686ecde4bc4815686ecde6bc4f2 6 58
7c96245192d14e8a96245192d14e8aea 10 155
cab8fadc90384c4fb8fadc90383c4fef 8 64
43c4a8c71b2c41a384a8c71b2cb1a396 15 189
97d2a0f00593416192a0f005933161e4 5 125
8e18e881fff14a9f98e881fff16a9ff4 11 44
68eb50ecdf564bc4ab50ecdf569bc40e 8 60
06ca96d00d9845ca8a96d00d9825ca5a 8 24
afffd0105b1e4564bfd0105b1ed564c1 13 233
c89d4146d8154b9f9d4146d8152b9ff9 8 188
fd104716cc264edd904716cc264edd2f 11 66
f11b488c0611495f9b488c0611595f16 14 181
84b0d9b69bfc43eab0d9b69bfc13eaba 7 59
d8715301ecbb4357b15301ecbb0357b4 15 258
75bf269d3ca44031bf269d3ca470318a 8 147
c8813daa01934ac4813daa0193aac433 3 46
e17f3555932c427cbf3555932c927c3d 8 137
c10d686c333f44788d686c333fe4783b 14 260
ba6586d1accb46aba586d1accbd6ab1f 11 128
fe27bd7586844b1ea7bd7586843b1ee9 12 226
fed373ff825c471f9373ff825c471f5f 6 83
08a4c41df7e64e46a4c41df7e6ae46c8 4 56
03bc534eeeb14f0dbc534eeeb1af0d95 10 28
e51a6a40ea1a45629a6a40ea1ae56290 6 42
0ffff1f377c24778bff1f377c2177897 10 136
4d1109a3069d45689109a3069db56852 13 199
8caf34a2b4f341daaf34a2b4f321da84 15 194
958f9aa53ed041ab8f9aa53ed031ab0d 11 84
7f980a27da674ab8980a27da673ab8be 7 109
f8fd4a5690734c1dbd4a569073ec1d54 8 123
3414a67479e54c7594a67479e5bc75be 15 264
0662c9b36b2248f6a2c9b36b22a8f6d6 10 45
6c9bc99e75264c8e9bc99e75262c8e76 11 130
b534051b7b9e4881b4051b7b9e4881d6 15 226
518ef6c668854f368ef6c668855f3615 4 70
0a2bb2e578554ab8abb2e578551ab8b8 10 46
7ab68ac1686f480bb68ac1686f780b9d 13 212
28d1f6301be2446291f6301be234624f 4 31
7d27eed818254a02a7eed818251a02c7 9 127
258fcb0d58cd441c8fcb0d58cde41c56 10 195
299625bb443a4c7b9625bb443adc7b0c 15 197
025fb0a44217443a9fb0a44217a43a65 8 111
a75413947a6d48679413947a6dc867aa 12 171
51e168bd2b0844eaa168bd2b0894ea13 7 92
1166903bab114877a6903bab110877de 14 178
02476fb0bc654797876fb0bc65b79747 3 32
5ae920e9c0bd47a5a920e9c0bda7a5d9 13 122
19f7e5ec68804603b7e5ec6880e603b1 12 161
5a8c6f02d021429c8c6f02d021429cba 15 37
396f8bd25ca74089af8bd25ca7a08998 13 204
76a239506204487da239506204f87dc9 14 78
10741b46ca774082b41b46ca77008221 14 290
cbb261baabc5462eb261baabc5262e56 12 121
f2eacdfb72d64ac1aacdfb72d61ac1e8 6 133
d8f6b11358684c9bb6b1135868ec9bd4 3 70
87cc477de886408e8c477de886608ef5 10 205
bea48cbbd66247aca48cbbd662f7ac3d 8 84
8ccfe98ceb9a45fd8fe98ceb9a75fdd5 12 181
5e2b5b0ef08740daab5b0ef087b0dacb 14 50
c77afb8a0829491bbafb8a0829991b30 12 101
fe44ba7f8ae0405e84ba7f8ae0505e26 15 361
61b4b53e2f2b4252b4b53e2f2b3252e7 11 127
9decd0713ae94e3facd0713ae9ce3fed 11 210
56300b7722aa4b0cb00b7722aaab0cd2 15 180
251093a7629b4dae9093a7629b3dae6e 6 110
93ca2b4ae5ba40a28a2b4ae5ba70a20c 8 71
43c935ec09f6458a8935ec09f6358ac1 15 116
81c2136e518d4f2e82136e518dff2e7b 11 54
e5c8a221fddb436688a221fddb536671 7 102
c7a45cfcf7fb4407a45cfcf7fb240755 10 179
0ab092a883a84724b092a883a8a724e7 7 122
e534771925464fdfb477192546efdffc 3 44
1f18112cc21b4fa998112cc21b5fa92f 13 225
87144c59cd154c52944c59cd158c523c 15 212
1c81a6e031e44bfe81a6e031e42bfe3b 11 168
f5b9b9ac58ee4062b9b9ac58ee50623c 11 118
e552910d80b7470d92910d80b7870d5e 12 184
c27eff84a25b45b2beff84a25b85b249 15 172
4d508c7f07eb452d908c7f07eb152d20 14 77
59401a09f9c1496b801a09f9c1796b25 3 31
16446223d77d4808846223d77d6808cd 4 61
b2938dc636774809938dc6367718096b 9 28
1fa2a2dcaf4940b7a2a2dcaf49d0b713 10 41
adc1c5237392446c81c5237392d46cbc 3 62
ecde19071e2249929e19071e223992b4 9 26
c18d2ba66d874ae38d2ba66d877ae37b 5 74
12c6774403e7435886774403e7f3585e 7 56
cb32964477ab4134b2964477ab813447 8 38
e81639f999474a749639f99947da7425 10 45
d1678be680ed49eca78be680ed29ec6a 10 169
8be655b792044abaa655b79204eaba0b 10 51
733ca47779404a4cbca47779406a4c69 15 265
fa306d9242984bb0b06d9242987bb02c 8 72
5f3ac1a4772c42dabac1a4772c62da29 13 143
6d66a8a500a44814a6a8a500a4d8145c 10 89
5434e43a63054de5b4e43a6305dde58c 14 143
f7e650e782de47bba650e782de97bb70 8 62
0e286af9770245c0a86af9770295c06b 14 180
33bb918dee3c4efbbb918dee3c9efb8e 13 64
e727e48055d74aefa7e48055d74aefdb 3 47
a5d8959e20364f9298959e2036ff9246 15 170
6e8d863824944c2f8d86382494dc2f5c 10 114
848b74b2110942dc8b74b2110942dcc7 10 65
631ddfbf162c4e739ddfbf162c6e73a1 14 165
89859711353f4b2b859711353feb2b63 6 96
0f77d0748d914811b7d0748d914811aa 6 62
04236b544fb0464ca36b544fb0e64c09 7 58
7536aa30f2614b7ab6aa30f261ab7a03 10 86
535c0aff026548b79c0aff0265b8b7a5 13 206
d565db8bf17244e9a5db8bf172f4e928 10 179
ccaf30e2c5dc42b6af30e2c5dcb2b635 15 136
2a48480ef12c444188480ef12cc44129 15 227
3dad5bcf6516474cad5bcf6516c74c43 8 129
a855fe1feb0045d395fe1feb00f5d301 7 25
d9c0800aedf6483780800aedf678371c 10 143
835fa46230314a4e9fa4623031fa4e6b 14 29
b166f1048dc34c69a6f1048dc38c6906 12 151
06d358723f244afb9358723f241afb1c 13 31
69727530db6243c7b27530db6233c7f1 6 109
32b30604e9034e5bb30604e903ae5b20 15 231
4aae0c37e3124906ae0c37e3126906b3 4 43
0326292f010240d2a6292f0102c0d26b 15 226
fb23ce0549d34791a3ce0549d34791a1 9 152
6a0610578ff54a6d8610578ff58a6d79 10 75
4d1699207e4c4c899699207e4c0c891e 14 252
eaeb1e1195854933ab1e119585c933ee 9 123
a8048796e8a3436d848796e8a3a36d8f 10 105
eaeb14347c7b49e1ab14347c7b29e151 15 131
20abbbda990b4b59abbbda990b6b593f 15 251
b49d653840c24bf09d653840c2dbf082 15 87
f9851cb46c804050851cb46c80f050c3 12 142
5389f095452d40b389f095452d00b342 5 89
2af672e8ac444be0b672e8ac448be00f 7 85
bf1564c1fb8a444e9564c1fb8ae44e01 10 172
2e06e4fe6d944c8986e4fe6d941c89fd 6 28
e123014c8f41411da3014c8f41a11d0c 11 198
b0076f2e750b43e2876f2e750b13e2e3 9 67
ca3356e893a8480bb356e893a8b80b48 10 114
84842d26542a4c0e842d26542a5c0e34 15 232
567aaefb29ad4838baaefb29add83812 14 230
6abdf7f03a794fe6bdf7f03a79ffe604 6 27
fb8cc734bbcd4eed8cc734bbcd8eed6c 12 176
b68f364185c6499b8f364185c6b99b6c 6 72
a8b88d9b8e6546e7b88d9b8e6526e7b4 5 56
9a8e590596464b328e590596460b325d 2 26
01e58f9f1b334e24a58f9f1b33ee24be 15 69
1f39410b3f3845bdb9410b3f38d5bd98 15 77
8f3ca75bba0e4195bca75bba0e119596 11 180
9ea496a2635a4196a496a2635a7196fa 5 73
960b0d2ef9fb438d8b0d2ef9fb638d5c 11 41
c210f16971594d9690f1697159cd966d 9 102
543c40f0b37c456abc40f0b37cf56aad 9 89
0a49ce6e7e9440ed89ce6e7e94a0ed5f 11 110
c61750028c0e49389750028c0ef938ed 5 33
a3e1f480bad4488fa1f480bad4688fe1 14 268
af25c5bcd2304155a5c5bcd23091553e 6 76
b70dbe909fff4f9e8dbe909fffcf9e16 12 156
1b211b543a5c4e84a11b543a5c8e84ea 12 42
9b822c0e383f45d5822c0e383ff5d5cf 4 88
125eaf8245324c349eaf8245323c34b1 8 81
d8b3754154e74622b3754154e73622cc 5 85
2cd971413fc34e869971413fc33e8621 15 147
295159f3352642269159f33526c226ae 15 64
d2d66907027743929669070277e392e0 10 25
ac470c7639a24fc3870c7639a2ffc375 13 157
c1c868ddbd454b658868ddbd45cb65ef 8 139
8234f2429383483cb4f2429383883c0c 10 164
683999d704484a88b999d704489a880e 15 203
3e77a40828f04376b7a40828f0137660 14 102
751e8c34422f41bd9e8c34422fd1bdae 8 160
ca17ddc8d21944b297ddc8d21944b29a 5 80
53978d04b6614dc7978d04b661cdc7d8 14 257
264182a3a04244108182a3a042e41080 3 45
7c1fccee824543f19fccee824523f114 15 128
cde7b5c67e044456a7b5c67e04d456fa 2 34
8b6378ee0f824cb6a378ee0f828cb618 8 101
fb1548b9d5984f949548b9d5984f9461 8 69
6a63bf64ae0c4b27a3bf64ae0c1b2726 11 78
2009544a8ccd428289544a8ccd6282bf 13 119
89d214bb83504e989214bb83509e9854 9 74
804e86aaf23a4c058e86aaf23aac0527 10 32
bb2e38e518cc4b72ae38e518cc8b7213 12 233
ea48b2e90d8d4eda88b2e90d8ddedade 13 244
421dae7fad624b729dae7fad62bb72f5 15 24
670311579fd747af8311579fd7e7afe1 14 180
b9597e4b15214e02997e4b1521ee02ac 14 168
117cd29c1ad848e1bcd29c1ad8b8e1d8 8 130
7899cbb57997400a99cbb57997200aea 11 97
871a6334dbc343d29a6334dbc323d229 11 49
9e4d805b595045ce8d805b5950f5ce2a 6 43
16e6c162d0f042d4a6c162d0f072d4df 9 58
ddbe915601904023be915601908023c0 13 98
2245425ca7b6419685425ca7b6a1967a 14 243
3fa7e3c674ad4600a7e3c674ad560065 12 57
fabf23468f45483bbf23468f45183b2f 13 128
e9c054d8254b424a8054d8254b524af5 14 278
9699ab3780584ec799ab3780580ec780 12 132
b71fdead245a4f939fdead245a8f9357 7 78
fe3588fb85a24d50b588fb85a2dd5091 9 29
873bd0f3f5e94419bbd0f3f5e99419d1 11 143
67d5a8eb2e81434095a8eb2e81b340d4 13 75
b2d3cb22139c4d2993cb22139cbd290a 11 282
3c2f8ec148d841e2af8ec148d861e273 7 28
7662ccb905104214a2ccb90510521408 13 81
7a05f638bf96470c85f638bf96f70c36 13 29
9465e41dfae74ccba5e41dfae7fccb8e 14 64
ffeec0f4dbd148c1aec0f4dbd128c15a 8 155
f9dae2a38c8948279ae2a38c8918278a 15 268
d8beecd546bc4bc2beecd546bc1bc2ea 14 61
8a62ea02afb444e1a2ea02afb4f4e1ad 15 309
6b138ccbdcde4efc938ccbdcde7efc74 14 188
554f4ccbb8d7465c8f4ccbb8d7165c24 9 176
725f2c85b1f94b2e9f2c85b1f91b2ea1 8 113
2657722e6da145ae97722e6da1f5ae99 5 65
2ae17df1214d4362a17df1214d53620f 14 51
de4e2a8169b8487e8e2a8169b8c87e70 10 94
9bf4e9959d0f498db4e9959d0f198daf 14 262
3422fa8d1f3b4fb1a2fa8d1f3bbfb195 15 73
f6a8446f4af6404ea8446f4af6104e10 4 25
8cc0c9d8070b4a6080c9d8070b7a6094 11 73
e0fb0dbf265a4563bb0dbf265a85639e 13 194
026809c68c8b48cca809c68c8b38ccc1 15 63
ee0973107286415e8973107286515ebe 15 131
3ae0b98682654edca0b98682658edc7d 11 122
179870f7badf403c9870f7badff03cda 7 93
f86bbad73f954144abbad73f95f14447 13 60
37931cc1403f4bef931cc1403f2befe4 8 73
35743b7843b14056b43b7843b1305633 13 95
b0e686fa60d34da6a686fa60d30da6b9 8 90
a824b83be61d4f03a4b83be61d3f031c 11 190
0ba36a832e9e4d39a36a832e9e1d3947 12 132
9e71958e6b2348a2b1958e6b23f8a236 8 51
fca4aff04f4a4d73a4aff04f4afd7331 14 30
3d7bbd5b95384300bbbd5b95380300e4 2 45
64b3da7b6e4944f0b3da7b6e49e4f032 4 58
7d88090e56cd497288090e56cdc97291 8 33
d6eed01a3ac54ac3aed01a3ac5bac3a8 11 72
810adcd0cdff423e8adcd0cdfff23ead 8 60
417ec0da16fb440cbec0da16fbf40c0a 15 53
0e8e7461bb9143b78e7461bb9143b785 11 223
287a79f6cd754772ba79f6cd754772f1 3 59
75505d91839d47a2905d91839de7a28e 2 26
d9c1303408bc4ff981303408bc9ff93a 2 35
c37b2869780141a5bb2869780111a52e 15 211
d70f76d5ea1a45a18f76d5ea1ad5a1db 12 196
ded930505a494cde9930505a493cde12 15 196
04cdc971ec8644458dc971ec86544552 12 26
d6addd58f251488eaddd58f251688e2f 13 160
b8e4e2f84b2c48eea4e2f84b2c38ee3d 11 98
3bc7f138a8fa4c9687f138a8fa4c9640 11 145
f00999846d9e470c8999846d9e170c1c 10 53
ef5b22f57fe94f949b22f57fe92f941a 11 132
c41207e50aeb45a09207e50aeb35a05e 10 134
63e829e977094a8ca829e97709ca8ced 8 27
5345fd91512d47dd85fd91512de7ddaa 9 65
035b4368c7fe434c9b4368c7feb34c86 7 76
6686ad115cf441ef86ad115cf461ef6c 13 131
66a5e4b535cd494ea5e4b535cdd94e40 15 120
e7bc08f641c94800bc08f641c9a80013 7 122
68a1af95f6dd4f0ea1af95f6dd8f0e83 14 144
b2c617033a7a40e08617033a7a00e062 10 153
9e8028b9896a477c8028b9896a177c2f 10 24
bf66f41fede84399a6f41fede8b39941 8 85
1337e0b2addc4a29b7e0b2addc6a29b8 8 103
30c9e9dffcb24b0589e9dffcb21b05e6 5 56
5cf4fbd97b8340a4b4fbd97b8300a4be 12 80
16733d648af84b21b33d648af87b21fb 13 98
57f1a97d106349e4b1a97d106379e4ff 13 98
33a6f3d8d1b44a13a6f3d8d1b4fa1367 11 60
9a406aa7ca864b5a806aa7ca86eb5a2b 14 106
2b05775a904940c985775a9049f0c970 10 71
8189728706044b588972870604db582e 5 58
3576dbe53b814892b6dbe53b815892a0 13 228
85a9c460ad75411ba9c460ad75711b67 9 93
91cd9152ae4140908d9152ae41a090ea 12 43
9ec5bf9b2789433485bf9b2789e33453 14 235
a6b0e946a0264248b0e946a026024805 6 54
1a3a716b7e8a4f83ba716b7e8a6f83e5 12 195
502deae13fc44f24adeae13fc47f24bd 15 96
393abc86e186438bbabc86e186c38bdc 15 73
e3bb1d9c08194968bb1d9c0819d96880 14 317
0d25a066fee14b1da5a066fee12b1d24 7 28
4f8e98de01b94f7e8e98de01b9cf7e25 13 91
f7f7ca90443f466db7ca90443f566da8 4 24
f3d493f91b0041c69493f91b00a1c6cf 13 230
f991c020cbc54cc891c020cbc5ecc81c 7 79
d321333c31b247bea1333c31b237bed7 9 40
18d2996a36cc4e6b92996a36cc8e6b86 5 81
b1011469b5244dcf811469b5245dcf2a 4 73
8231fe314653455eb1fe314653055eac 3 66
e49ff1ffc71a48e99ff1ffc71a58e96c 10 74
178b9685864c4d268b9685864c6d264d 11 28
79fa5f79c84d406eba5f79c84de06ed5 12 217
b333764c88314d99b3764c88314d99d0 13 230
0dddac1858e14e199dac1858e1de19cc 15 92
a86cc70f773840d2acc70f773820d2ed 10 118
77daedda944c48519aedda944cc851a0 6 76
4bfda8d14188486bbda8d14188e86b57 12 120
91db7337d7064b2e9b7337d706bb2e5c 14 86
2ab457f9da32445eb457f9da32f45e17 8 105
173290ed753548deb290ed753588de9d 12 108
a764776987794fbca4776987799fbc59 8 77
f9ccccfb570a40128cccfb570a901234 14 162
5fc4a3422642474184a3422642074161 15 85
76faf4d2e5cb4a01baf4d2e5cbca0121 10 154
ea5571ee70844e549571ee70847e549c 8 148
a261c75780344591a1c7578034d59186 7 60
bbec037a46ce4446ac037a46cec446c5 15 160
f3a36a92343c4e84a36a92343c9e849a 5 22
5e7adf83055a41f7badf83055a81f774 11 135
969972a624874b5d9972a624876b5d43 15 216
6d68cf3141ed4f5da8cf3141ed5f5dc5 15 213
6ba4162c3583468fa4162c3583668f2c 10 105
ad960ab35cce4aef960ab35ccecaef56 8 69
899d1e58d41e45869d1e58d41ef58672 10 72
28b8dae2065d469ab8dae2065d669ac6 13 190
3795f7c9eaec421095f7c9eaecb2109c 12 265
64e3b3767ec84851a3b3767ec8c851a1 12 244
58a7d040c5dc40bba7d040c5dc30bb88 10 122
5bd22e595ca5485a922e595ca5485a47 14 149
fc10cb568db44e4290cb568db43e42e4 14 93
bbee1248bbd3477bae1248bbd3477b5a 13 199
9a50be1aa4db432890be1aa4db0328db 14 103
2c734ddc5dd345bab34ddc5dd3c5bab0 15 167
2ba5dfa0ad304518a5dfa0ad3055180a 9 199
2e97d4f740884e6d97d4f740887e6d60 2 34
67c3934afb9a44f183934afb9a44f1a9 7 38
be0557ee97ff4a748557ee97ff8a746e 13 142
d3390abfa8374918b90abfa8371918c4 2 37
a58cf89fd66c453b8cf89fd66c353b55 8 146
f264984e3770497ca4984e3770697ce6 15 31
6e91d87e149b4d4f91d87e149bed4f56 9 191
2717554a36f240b697554a36f260b6b0 4 46
c7cefc6d4d5e48508efc6d4d5e1850c6 13 45
306d74f55b094bddad74f55b09ebddef 9 55
cd7ab9cc35714a50bab9cc35715a503c 4 58
5e0698eae64047418698eae640b74118 11 114
c8b57791b56444aab57791b564d4aa72 7 110
2e5c15a05bd84f6b9c15a05bd80f6b51 11 164
5998fe7b2f4040c598fe7b2f4050c5a9 7 40
4d9658c8829441719658c88294417101 15 190
d91202b8752748259202b87527c8255e 11 90
93766edaced64967b66edaced6d967c0 11 31
729e7283531a45839e7283531a158345 10 46
156ed782b1cb4f48aed782b1cb4f48f5 10 27
0f01c7b16125440981c7b1612514092e 10 167
6f08d9a989684b7888d9a989684b78ee 7 29
7e8946dfb3ba4c368946dfb3ba6c36a0 12 71
deee09ed56934e44ae09ed56936e4456 8 27
96b8ca7a4d1b4be1b8ca7a4d1b9be1fe 4 26
9868aefe84604190a8aefe8460f190cd 11 189
2afcb26706384224bcb26706382224d0 6 148
519776928fa44a5c9776928fa48a5c96 10 155
c9a066fe49c64c74a066fe49c62c7479 8 131
2aa6cb9748bd41e6a6cb9748bd71e600 4 43
5fba4dc3ab4e4398ba4dc3ab4eb39889 3 44
bc1445a92de14eee9445a92de15eee7a 14 177
5e6171c7ab4048b9a171c7ab4098b958 13 189
e4ca22029d0841068a22029d08b1066d 12 85
b5963babe0dd440f963babe0dd240fb4 8 176
f78cbe55486a49d98cbe55486a99d9cf 5 55
6c79dd3f77734d15b9dd3f77730d1584 13 230
a2de7c0f53594ea69e7c0f5359cea6c9 3 39
b6f10f516e5c4d5cb10f516e5ced5cff 12 183
2375593a09cf4d19b5593a09cf9d19c5 12 76
f044ba4b0971459884ba4b0971c5987c 11 118
8d5b82a747214fae9b82a74721cfae75 14 177
bd296a5b9f984e3aa96a5b9f988e3a7b 13 187
ec9f667efbb841bb9f667efbb871bb57 10 88
1591b0893b0f456791b0893b0f456721 14 205
aea29f87a87c4dcca29f87a87cedcc16 14 220
b52bac91faa441f0abac91faa4c1f009 7 61
6077c65dc3e84d56b7c65dc3e8dd5658 12 34
59a47f6c30354643a47f6c30354643ce 13 213
4cf516639bfb4b0fb516639bfb5b0faa 14 210
1e3c3d825ba94420bc3d825ba91420ef 10 189
a9453433364a474b853433364a474bda 10 136
a847f99ba637481387f99ba637781343 11 184
6677cea9549b4fbbb7cea9549b9fbb6a 8 128
9752ad315c01416692ad315c01e166b5 12 150
8c7846c9138a4470b846c9138a447086 11 43
92402140de99467e802140de99167ef1 13 59
6a47d4df9749471087d4df9749771004 13 205
d182adc072574b0382adc07257db031a 15 142
83b1c9bab0c04f9eb1c9bab0c00f9e92 15 282
70ac32766ba442c5ac32766ba442c53d 11 63
a8b9e80eef1a45bbb9e80eef1a75bb9e 10 79
e16455555e804966a455555e809966dc 8 27
4c819a6a24f54b21819a6a24f5cb210a 14 251
caeda92ca8bc4f6fada92ca8bcff6f80 15 301
736849f1270c4e03a849f1270c5e0375 14 281
0cad6b44622742b4ad6b44622742b4f7 9 50
c8ded2733b3a4bfb9ed2733b3aabfb19 10 64
e9c68eca7bd24729868eca7bd2b729fb 1 22
bc8046534a074caa8046534a075caaae 15 67
e72f85ffa32e4b9baf85ffa32e9b9bf8 7 55
77600c96d4004c03a00c96d400ac03bb 4 37
54ce590c01794c778e590c01796c77f8 5 85
a99f9b70f3734f759f9b70f3739f75f2 10 124
d48391a8903341098391a89033d109d8 13 146
7aa0aea6ad854885a0aea6ad85b88594 7 43
8bed8ec3b27240f6ad8ec3b27210f672 3 57
c3f8fa609bd04652b8fa609bd0065280 14 33
92d36efb3c014162936efb3c015162cc 14 257
4b5bc94c20ed4dcf9bc94c20ed8dcfa3 6 71
5b14e0341ae3462c94e0341ae3f62c94 3 37
6e5a65f44b4c489d9a65f44b4cd89d89 14 66
0d69703ee8c84828a9703ee8c8b828e5 8 152
ba65f2e822454d1aa5f2e822452d1a03 14 246
920c9f3453334acb8c9f3453331acb96 11 140
35d1a1b98141435491a1b98141e35481 10 40
1cc3395055624fdf83395055629fdf31 8 87
bad0367a272b405e90367a272b805e0e 14 115
64030fcfc94f4134830fcfc94ff134bb 9 110
d361d0fbea384418a1d0fbea385418c9 9 53
9451a53577e4473791a53577e4173788 12 29
33af0214ceda4365af0214ceda536517 11 45
896aabe53c82453faaabe53c82553f74 13 295
12449fbbd25d42cf849fbbd25dd2cf05 12 58
863dd670866544c0bdd670866564c06b 13 79
5e0c4e0c315c40838c4e0c315ca0837d 7 68
b3a0b800a68c493ca0b800a68c093c9e 14 67
37af3125eb84470aaf3125eb84570a2a 13 141
6a3d065bf0f548ebbd065bf0f5b8eb0c 15 271
a3e5bf84b9de40c2a5bf84b9de90c2cc 15 179
37dc14f624fa411a9c14f624fa811a09 14 204
d56386c8a7294ac5a386c8a7298ac5f4 15 53
8a0988f0ba6a4a108988f0ba6aba10c2 3 26
ba5c06b4c03f44ea9c06b4c03f54ea62 13 44
285e2b1cec2548f49e2b1cec25e8f4b6 15 230
6dca37c4049c4cc68a37c4049c1cc60d 12 175
46d7fd4e72b0494b97fd4e72b0794b5f 12 79
9fd7a54a3fc5468097a54a3fc58680fe 14 88
879e3c1d776d45a69e3c1d776da5a619 13 228
1fcc5622fda043018c5622fda083017b 7 23
d04ec3827f244c388ec3827f24fc38ef 13 195
4f8f642dbf7b41318f642dbf7ba13170 3 54
95e658d3d661449ea658d3d661349ee6 11 221
e1893fed19e044ad893fed19e0e4ad6e 12 309
6f9ab5f4008d40a59ab5f4008df0a54b 10 145
7e1b0ae4eb82459f9b0ae4eb82b59fae 11 38
57207d85fa8f40fca07d85fa8f00fc4f 9 89
433c0bb8b4ce4077bc0bb8b4cef077a3 15 172
d0a239fd26dc4ca4a239fd26dccca486 6 65
ee39b51d3e7f457cb9b51d3e7f657c6e 5 67
1de04df39b354dd6a04df39b354dd61f 8 25
14b286bb4531464eb286bb4531264ef6 7 42
28aa02acee424267aa02acee42a267e0 14 49
f3c28f99fd174840828f99fd17d8403b 12 171
cb82e70b712944ff82e70b7129b4ff8e 8 125
d44d3e430a0a4b228d3e430a0adb2210 11 25
62cebea024104c578ebea024108c57b0 9 43
45605b636acd4c14a05b636acd8c146f 9 48
9af6d9289ca24276b6d9289ca2b2765e 9 109
0eecc7fe2e9c42adacc7fe2e9cc2ad54 15 100
cb812c750ce74cbd812c750ce78cbd68 15 99
d2004da94b264587804da94b26158774 13 208
2c9e8aa0d9e545ae9e8aa0d9e5d5aeef 15 266
3eb74405ff6e49d0b74405ff6ed9d071 9 39
ed7add259681477fbadd259681877f5f 9 126
0178c2a46f5345d4b8c2a46f5395d497 9 145
7b956a8a25744458956a8a2574b4589c 15 31
23a5f4804e4d424ba5f4804e4d624b13 14 104
685327d259d14afd9327d259d1aafdb6 14 217
82d284b34c6e4fdf9284b34c6ebfdfd4 8 133
3b7a216ebad042d3ba216ebad0d2d38c 13 71
95a0a92172974cb6a0a92172973cb641 8 38
b18976e0d4ec4a028976e0d4ec8a020f 9 42
c84ba03d05bb4fed8ba03d05bb2feda6 15 306
04166571374c46d1966571374cc6d1c2 15 86
241dadc604cc4bcf9dadc604cc7bcf48 10 106
360079e4e11d487f8079e4e11d887f5c 9 171
d5786ee0966f4601b86ee0966f96019a 14 47
2def5e95c3f04f45af5e95c3f06f455e 7 73
a71bc03340f34c499bc03340f33c49c4 13 43
43538e2dfc1b45d3938e2dfc1b55d38e 15 165
ba082b3ba8f241ac882b3ba8f281ac1e 9 71
50596d9d0c8841cb996d9d0c8811cb2c 7 94
94238f42da6e4249a38f42da6ea249f6 12 101
182ff05fe140448daff05fe140048d5b 14 129
9854df3752d2401b94df3752d2f01bf7 10 175
63d14281caf14a60914281caf13a6014 15 153
ca0b2c45ef7e47248b2c45ef7e7724a7 4 65
73d4763bd7ac492d94763bd7ac392d6b 11 196
1c3755a2fc344a77b755a2fc345a7722 9 33
a2112889e5b34990912889e5b3699046 11 268
44fd8419c57541c2bd8419c575a1c206 9 145
68aeb08ffb0943efaeb08ffb0903ef4e 12 44
e8a307d64b60401fa307d64b60e01f22 12 66
3524e49177a44ee9a4e49177a43ee956 15 114
bd4931b7325c47038931b7325cf703c8 11 192
21ea4d199bb54ec8aa4d199bb5cec811 6 86
c13c4af0292d4442bc4af0292d844213 12 111
6eb4c1838bff4b94b4c1838bff0b94af 7 119
f3a1bf44971c4892a1bf44971c389289 11 164
cd85885b75dd4d4185885b75dd8d4120 15 348
3d658c6579b24e30a58c6579b24e303f 5 25
7ab8034b78644b5db8034b78642b5d96 11 213
6629f4689e454be7a9f4689e45abe721 6 96
34cd3aa4a1b547108d3aa4a1b5671047 13 214
d623c5e509b24bd2a3c5e509b28bd291 14 304
843c69ea79de47f0bc69ea79de97f0f7 14 55
252da9d1e54a4901ada9d1e54a3901f4 12 136
d1ec12a8049c4713ac12a8049c271345 13 265
84d4df2237af45bc94df2237af35bc31 14 29
63ac5e5908134106ac5e5908132106e9 12 142
ad8284d508c144658284d508c124653a 6 24
549e8bb85dee420f9e8bb85dee620f62 13 58
fd793f3e382f401ab93f3e382f901a5b 10 85
5e29c331a63c4da3a9c331a63ccda330 5 42
2973f4fabfa94fd7b3f4fabfa98fd7ba 11 236
78abce333e934c70abce333e93ec700b 14 61
27b54039be914b6ab54039be916b6a6e 12 27
11b02a31050942bab02a310509c2baa7 9 104
7aca0accf7eb4bd08a0accf7eb2bd0e0 1 28
accf0af68b0c406b8f0af68b0c306ba2 14 214
33939949483c4812939949483cd81296 12 210
e5baa0b36fde4316baa0b36fde7316cb 1 27
ef6e6f207ff148dfae6f207ff108dfa1 2 23
24f3e99c42064741b3e99c42065741e5 13 58
3822395186a74570a2395186a745700e 14 139
ea223f064a734a1da23f064a739a1d69 6 57
807e8500f63a4348be8500f63a034851 11 147
c9c4883d235a444784883d235a34478e 2 31
6a6cc055ca7c4651acc055ca7cf65188 7 131
2751dd808382443291dd80838214322c 14 133
80bd49ecf8354d73bd49ecf8357d7382 9 166
d39a3b0034b441969a3b0034b49196b0 14 111
5a46fb904aca4b1086fb904aca9b1011 9 27
f24040ad303940d88040ad303960d8c9 12 161
7f5f314aa26b4caa9f314aa26b5caadb 3 33
92e95d9a2e654786a95d9a2e6587862a 10 65
0518b061efd146f798b061efd1d6f70f 12 234
c34a85b41dee4b168a85b41dee1b167e 4 58
3913e88bbf5945ba93e88bbf5965ba4f 9 179
71bd3558147649ecbd3558147619ec46 14 123
92d8fd4b01454d1998fd4b01456d19e0 15 244
138ecc152c8b4f158ecc152c8b3f1572 11 28
31ed5a6261724815ad5a6261727815ea 4 28
8ecb8e3e0371498f8b8e3e0371198f39 11 91
5e14c5c761ce435d94c5c761ce035d9b 13 207
319f1535367248c29f15353672f8c251 12 116
16ac01a1b8ef459fac01a1b8eff59fe2 11 159
871dae205d9449919dae205d94d99167 15 52
8f57ba0fe8394c5897ba0fe839ac5833 7 128
cb015d6283204820815d6283206820ae 15 122
a5cbb7f1bf0048068bb7f1bf00f806b9 14 298
d597bea0138f455e97bea0138f255e3f 14 324
262ed92c62c84320aed92c62c833207f 8 113
c152c5e827d6453a92c5e827d6d53acb 10 109
309220e8072943ed9220e80729e3ed8f 6 86
7ed4a30de7cf413594a30de7cf613565 1 31
79ed41f10f844572ad41f10f843572a1 15 148
55043362b3184280843362b318728085 11 170
14c48f4169854b9c848f4169858b9cb6 13 253
40e02cfb42164bcfa02cfb42168bcfe0 5 95
9b820935bc154368820935bc153368ee 6 109
a2a8ba97cac8403ca8ba97cac8e03cd8 13 144
dd1b18ab1fb641169b18ab1fb6511632 9 24
6c941d8c3f6e4830941d8c3f6ec830b6 9 151
e06ad4bd3e004d47aad4bd3e00ad4702 9 26
c13f60a8b1ac489cbf60a8b1ac689c86 5 58
290625c05b5343dc8625c05b5343dcae 14 43
643e2158c0ed4a20be2158c0ed8a2000 5 37
427b35f822514244bb35f822514244ba 11 209
c372cd0dd1fe4e22b2cd0dd1fe1e2210 8 115
6169d877e642478ba9d877e642678b6e 15 109
af042222cf154de0842222cf15cde0f3 12 188
f1922b5829fc4a49922b5829fcea49c9 15 76
42e9511498624f1fa9511498627f1f98 10 104
3c719ba23b8b49aab19ba23b8b19aa91 11 135
3ca59529e72b46c7a59529e72b46c7b8 10 188
b20fa79ab7f146638fa79ab7f1a6630c 1 23
579f9fb25c284af69f9fb25c28baf6d2 10 41
e0817ad128414027817ad12841d02790 14 139
3ad01879a5574f9d901879a557ef9d6f 13 60
fdde632dbf674ced9e632dbf67cced59 13 226
48d947698d5f4fc59947698d5f9fc5eb 13 138
139d727ad16645db9d727ad16645db66 10 186
46f34df5b6df42b5b34df5b6df02b526 13 150
f0ed488f05cb44bcad488f05cb74bcfb 12 91
23df4bddb55f4d119f4bddb55f9d116e 11 189
6f5c1c1715be485f9c1c1715be885ff0 6 28
8ab50dc3899743d5b50dc38997e3d537 6 121
e8654fb2a05f4e4da54fb2a05f5e4d5a 11 64
a781c372538f491881c372538f391815 9 71
12f05c86cf004179b05c86cf0051790a 3 29
1ff30e0b02344c26b30e0b02347c2681 7 73
d01d64916e3b43199d64916e3b3319e0 15 256
38241adf1c424d30a41adf1c42ed30d3 8 95
2d0404c3844d43008404c3844d03003e 8 67
5677c79809ee4f42b7c79809ee3f421e 13 313
e336806eed654abab6806eed65baba09 4 75
faa5c29b19da4cd4a5c29b19daccd473 9 81
16ed9bfd51394ec7ad9bfd51396ec7c5 11 111
436f559570734da1af559570733da164 13 108
824ec03b81ea42878ec03b81ea028716 6 47
a0e54354cee94469a54354cee92469e8 12 94
7e714c67df844fb3b14c67df84bfb3a2 3 29
7fd9cd22c5b2498599cd22c5b219859e 9 86
d9f2362edc2e4f44b2362edc2e9f4492 4 82
0e8156bf7d5e48888156bf7d5ee888cf 6 49
efeb0f6c677f4a1dab0f6c677f9a1d33 5 46
2f8e54bad15f4a508e54bad15f1a50b7 11 95
cad32c7f53dd45de932c7f53ddb5de18 15 49
a4ed930131464d2aad93013146bd2a4c 11 149
a106678fb08a430c86678fb08ab30cb0 11 193
f511839637e04e7f91839637e09e7ffa 7 80
e93d6be9c9e54814bd6be9c9e5081482 6 27
0595b71468af4be895b71468afcbe8b1 11 80
31586d15060d4bcc986d15060debcc81 6 66
09fdd8fc722c40abbdd8fc722c90ab63 7 42
17cb6089070248a88b6089070298a815 15 339
aaa50a021e2945e3a50a021e29e5e3c0 15 299
d29a3f055a4541af9a3f055a45d1af1d 15 151
4403a6089c64493a83a6089c64193a41 8 25
ffd633e22c824c599633e22c82dc59d2 6 107
d32cb8dbb9db444dacb8dbb9db344d29 8 131
ce2c78e0f919413bac78e0f919813ba9 12 85
5a6b3416e6da42caab3416e6da82ca56 15 63
9f1a5415322048349a541532201834a6 15 30
d8db0629df5b4ef99b0629df5b7ef990 8 57
8fc85bc13ac14114885bc13ac15114c7 14 353
6413acdea1524b5f93acdea1520b5ffa 10 28
9d61e40b75b5447ca1e40b75b5c47c22 12 74
bd8093d7ebb64b9d8093d7ebb64b9d97 8 99
e4597fcadc9e410f997fcadc9e610ffb 9 162
2fd47b849ec94090947b849ec92090ca 12 156
fd40ce8e49554d2b80ce8e49552d2b2c 15 178
cdc77a5eddd045de877a5eddd065de4f 12 218
97639770871e4373a39770871e0373ba 8 169
3bde616443d34abf9e616443d38abfe6 15 108
7f041d611f4a40cd841d611f4ab0cde9 14 46
79375812348740f2b75812348720f2a2 15 49
ecaf889657474753af88965747375320 14 31
5d77833acf114219b7833acf11421903 10 151
979adf93ed9644f79adf93ed96d4f769 3 66
f5a3ac17e7974605a3ac17e7978605c6 12 127
7ea6914053a24394a6914053a2d3941b 9 145
