SPID STAT %CPU RSS VSZ
2125537 Rl+   0.0 25800 58462724
2125537 Rl+  22.6 114468 425867824
2125537 Rl+  34.6 152740 42137520
2125537 Rl+  34.2 149224 142670376
2125537 Rl+  41.0 156524 142671984
2125537 Rl+  41.0 157052 495110848
2125537 Rl+  46.8 166496 683912988
2125537 Rl+  61.9 187940 237081244
2125537 Rl+  62.0 191008 721681364
2125537 Rl+  67.5 203256 444888824
2125537 Rl+  67.0 214064 860139844
2125537 Rl+  77.3 226832 35726656
2125537 Rl+  82.0 233372 23145340
2125537 Rl+  85.9 240276 193051124
2125537 Rl+  89.3 255292 1080425276
2125537 Rl+  92.8 253464 79774196
2125537 Rl+   108 303188 432206004
2125537 Rl+   110 310644 117534596
2125537 Rl+   113 319364 10578592
2125537 Rl+   113 321676 734336664
2125537 Rl+   119 330896 16873516
2125537 Rl+   124 351488 1565050568
2125537 Rl+   132 385724 218256472
2125537 Rl+   140 421684 1873449960
2125537 Rl+   144 428324 306381340
2125537 Rl+   144 430372 1407744888
2125537 Rl+   143 440284 1961563652
2125537 Rl+   145 440668 274935684
2125537 Rl+   146 452176 979831632
2125537 Rl+   147 460696 2049677052
2125537 Rl+   149 470596 162241164
2125537 Rl+   148 466548 558146856
2125537 Rl+   150 477440 48357576
2125537 Rl+   150 477440 180490092
2125537 Rl+   150 477440 331532088
2125537 Rl+   151 486600 551807616
2125537 Rl+   152 493280 54652696
2125537 Rl+   152 493808 1137166192
2125537 Rl+   153 499632 123861500
2125537 Rl+   155 507036 4324576
2125537 Rl+   155 507036 54656304
2125537 Rl+   155 507036 1030162456
2125537 Rl+   157 513504 520346616
2125537 Rl+   158 530336 2402132076
2125537 Rl+   159 531988 29495616
2125537 Rl+   159 532252 337864832
2125537 Rl+   160 547348 923178812
2125537 Rl+   159 579184 2590948332
2125537 Rl+   162 591208 68075748
2125537 Rl+   161 582128 4349508
2125537 Rl+   162 587588 1080531208
2125537 Rl+   164 596224 488958356
2125537 Rl+   162 597128 319021220
2125537 Rl+   162 604576 237187368
2125537 Rl+   163 610588 2786057484
2125537 Rl+   165 637800 2301463452
2125537 Rl+   166 649852 658863076
2125537 Rl+   166 650872 1854665296
2125537 Rl+   166 656440 48394812
2125537 Rl+   166 661036 816184516
2125537 Rl+   166 661564 1231604348
2125537 Rl+   164 661804 646288444
2125537 Rl+   164 662068 1665855904
2125537 Rl+   164 662068 2005699360
2125537 Rl+   167 680952 526695896
2125537 Rl+   167 681216 835079740
2125537 Rl+   168 688420 633676152
2125537 Rl+   168 688948 1067979072
2125537 Rl+   166 690848 2452527132
2125537 Rl+   166 702104 1785432700
2125537 Rl+   165 702840 256068168
2125537 Rl+   165 703104 1615509852
2125537 Rl+   164 704992 778470964
2125537 Rl+   164 706780 2993774868
2125537 Rl+   167 721680 621111356
2125537 Rl+   167 721944 1137173224
2125537 Rl+   166 725460 935852280
2125537 Rl+   166 725460 2345595644
2125537 Rl+   168 739068 356790540
2125537 Rl+   168 739068 860318668
2125537 Rl+   167 740136 602242536
2125537 Rl+   167 740136 1093156788
2125537 Rl+   166 747752 4507036
2125537 Rl+   166 748016 728141056
2125537 Rl+   166 748276 929531864
2125537 Rl+   166 748276 2685403724
2125537 Rl+   165 750316 2011981588
2125537 Rl+   169 769936 627437648
2125537 Rl+   168 770728 2263745892
2125537 Rl+   170 778952 960966820
2125537 Rl+   170 784496 3151122352
2125537 Rl+   173 786288 1036499768
2125537 Rl+   173 786288 1288239172
2125537 Rl+   173 786288 2679105760
2125537 Rl+   171 788836 29757748
2125537 Rl+   170 791108 438717312
2125537 Rl+   170 791636 1861044348
2125537 Rl+   169 792476 533017736
2125537 Rl+   169 792740 998741220
2125537 Rl+   170 797456 73586952
2125537 Rl+   170 797720 1433030700
2125537 Rl+   169 802184 3151125492
2125537 Rl+   173 818604 42137708
2125537 Rl+   173 819132 872899580
2125537 Rl+   172 823804 168252648
2125537 Rl+   172 824068 2213429864
2125537 Rl+   170 827336 3151131464
2125537 Rl+   169 829224 816302604
2125537 Rl+   169 829488 2307823504
2125537 Rl+   169 830620 1313439156
2125537 Rl+   169 832428 3069340940
2125537 Rl+   169 833184 1225340240
2125537 Rl+   167 833988 2635110184
2125537 Rl+   166 832952 61400032
2125537 Rl+   169 833376 16973412
2125537 Rl+   169 833376 262373696
2125537 Rl+   169 849316 545630828
2125537 Rl+   169 849580 1068006828
2125537 Rl+   169 849580 1615542852
2125537 Rl+   172 860940 10988060
2125537 Rl+   173 868788 16973340
2125537 Rl+   173 868788 381980936
2125537 Rl+   172 870084 3151143228
2125537 Rl+   176 897152 1225345104
2125537 Rl+   176 897152 1766589592
2125537 Rl+   176 898700 3151152228
2125537 Rl+   174 906140 2452615368
2125537 Rl+   173 909144 2761011432
2125537 Rl+   172 916476 3151153744
2125537 Rl+   176 931168 54767376
2125537 Rl+   176 931956 2773578492
2125537 Rl+   176 932472 3151160892
2125537 Rl+   174 939552 1697432248
2125537 Rl+   173 951408 1723131452
2125537 Rl+   173 946536 2207264708
2125537 Rl+   172 946660 753815808
2125537 Rl+   172 946660 1571705088
2125537 Rl+   172 947920 3151290596
2125537 Rl+   171 949092 602835788
2125537 Rl+   171 950120 3113541380
2125537 Rl+   174 974296 174922652
2125537 Rl+   176 976768 4569444
2125537 Rl+   174 990144 3151303136
2125537 Rl+   173 993436 2025132512
2125537 Rl+   179 1014072 1867462252
2125537 Rl+   179 1014576 2521999416
2125537 Rl+   179 1015080 3069598876
2125537 Rl+   179 1021812 3113705700
2125537 Rl+   178 1023784 527591700
2125537 Rl+   178 1023784 2364772400
2125537 Rl+   177 1023720 389194592
2125537 Rl+   177 1023720 1590862688
2125537 Rl+   181 1026692 55257980
2125537 Rl+   181 1023128 1722942732
2125537 Rl+   181 1023128 2371134920
2125537 Rl+   181 1023632 3063437808
2125537 Rl+   180 1031364 18093412
2125537 Rl+   178 1033956 2723571688
2125537 Rl+   178 1034216 3151519312
2125537 Rl+   178 1034216 3151519312
2125537 Rl+   180 1045568 87231336
2125537 Rl+   182 1042916 199846932
2125537 Rl+   182 1045748 3145239936
2125537 Rl+   181 1055312 2830630460
