## Manual copied values of measured timestamps

/init prime
timestamp_overhead: 680
timestamp_init: 1281
timestamp_overhead: 709
timestamp_init: 2044
timestamp_overhead: 449
timestamp_init: 1011
timestamp_overhead: 619
timestamp_init: 1099
timestamp_overhead: 869
timestamp_init: 1890
timestamp_overhead: 448
timestamp_init: 1056
timestamp_overhead: 444
timestamp_init: 1044
timestamp_overhead: 418
timestamp_init: 1069
timestamp_overhead: 419
timestamp_init: 1042
timestamp_overhead: 431
timestamp_init: 1080

/init net
timestamp_overhead: 353
timestamp_init: 798
timestamp_overhead: 325
timestamp_init: 802
timestamp_overhead: 383
timestamp_init: 782
timestamp_overhead: 553
timestamp_init: 1198
timestamp_overhead: 371
timestamp_init: 822
timestamp_overhead: 318
timestamp_init: 844
timestamp_overhead: 364
timestamp_init: 846
timestamp_overhead: 329
timestamp_init: 818
timestamp_overhead: 335
timestamp_init: 1190
timestamp_overhead: 417
timestamp_init: 1104

/init hello
timestamp_overhead: 444
timestamp_init: 1100
timestamp_overhead: 448
timestamp_init: 1073
timestamp_overhead: 446
timestamp_init: 1084
timestamp_overhead: 676
timestamp_init: 1918
timestamp_overhead: 425
timestamp_init: 1084
timestamp_overhead: 589
timestamp_init: 1077
timestamp_overhead: 492
timestamp_init: 1107
timestamp_overhead: 394
timestamp_init: 1078
timestamp_overhead: 560
timestamp_init: 1118
timestamp_overhead: 520
timestamp_init: 1130

/init hash
timestamp_overhead: 526
timestamp_init: 910
timestamp_overhead: 368
timestamp_init: 886
timestamp_overhead: 557
timestamp_init: 1580
timestamp_overhead: 591
timestamp_init: 1606
timestamp_overhead: 326
timestamp_init: 886
timestamp_overhead: 374
timestamp_init: 861
timestamp_overhead: 503
timestamp_init: 840
timestamp_overhead: 486
timestamp_init: 841
timestamp_overhead: 403
timestamp_init: 830
timestamp_overhead: 401
timestamp_init: 849

/init sleep
timestamp_overhead: 429
timestamp_init: 933
timestamp_overhead: 340
timestamp_init: 875
timestamp_overhead: 401
timestamp_init: 923
timestamp_overhead: 328
timestamp_init: 865
timestamp_overhead: 415
timestamp_init: 880
timestamp_overhead: 426
timestamp_init: 920
timestamp_overhead: 369
timestamp_init: 884
timestamp_overhead: 350
timestamp_init: 868
timestamp_overhead: 395
timestamp_init: 898
timestamp_overhead: 442
timestamp_init: 884