## Manual copied values of timestamps

/run /guest/sleep
timestamp_wasi: 106 , 115 ,152  150 , 196 , 126 , 119 , 175 , 199 , 124 
timestamp_module: 129 , 144 , 185 , 177 , 202 , 199 , 177 , 189 , 202 , 151 

/run /guest/hash
timestamp_wasi: 109 , 107 , 108 , 111 , 112 , 260 , 114 , 109 , 118 , 114 
timestamp_module: 128 , 123 , 127 , 145 , 225 , 164 , 126 , 133 , 133 , 107 

/run /guest/hello
timestamp_wasi: 175 , 187 , 105 , 436 , 177 , 121 , 244 , 107 , 149 , 119 
timestamp_module: 239 , 241 , 150 , 244 , 243 , 144 , 245 , 156 , 151 , 165 

/run /guest/net
timestamp_wasi: 113 , 275 , 174 , 214 , 127 , 116 , 115 , 121 , 111 , 125 
timestamp_module: 113 , 173 , 179 , 179 , 141 , 118 , 143 , 159 , 118 , 171 

/run /guest/prime
timestamp_wasi: 112 , 128 , 148 , 110 , 153 , 154 , 124 , 126 , 108 , 183 
timestamp_module: 130 , 157 , 147 , 167 , 154 , 174 , 167 , 154 , 171 , 211 


146.2
175.5
126.2
141.1
172
177.8
149.1
149.4
134.6
163.2